09:25:33 **** Build of configuration DefaultBuild for project rBLE_Mdm ****
make -j8 all 
'Scanning and building file: C:/BLE_Renesas/checkout_rBLE_Modem_Source_Code/renesas/src/driver/plf/plf.c'
'Scanning and building file: C:/BLE_Renesas/checkout_rBLE_Modem_Source_Code/renesas/src/driver/DTM2Wire/DTM2Wire.c'
'Scanning and building file: C:/BLE_Renesas/checkout_rBLE_Modem_Source_Code/renesas/src/driver/dataflash/dataflash.c'
'Scanning and building file: C:/BLE_Renesas/checkout_rBLE_Modem_Source_Code/renesas/src/driver/dataflash/eel_descriptor_t02.c'
'Invoking: Scanner and Compiler'
'Invoking: Scanner and Compiler'
'Scanning and building file: C:/BLE_Renesas/checkout_rBLE_Modem_Source_Code/renesas/src/driver/dataflash/fdl_descriptor_t02.c'
'Invoking: Scanner and Compiler'
'Invoking: Scanner and Compiler'
Project_Source\renesas\src\driver\plf\plfcDepSubCommand.tmp=
Project_Source\renesas\src\driver\DTM2Wire\DTM2WirecDepSubCommand.tmp=
'Invoking: Scanner and Compiler'
Project_Source\renesas\src\driver\dataflash\eel_descriptor_t02cDepSubCommand.tmp=
Project_Source\renesas\src\driver\dataflash\dataflashcDepSubCommand.tmp=
 -MM
 -MP
 -o "Project_Source/renesas/src/driver/plf/plf.d" 
 -MT="Project_Source/renesas/src/driver/plf/plf.obj" 
 -MT="Project_Source/renesas/src/driver/plf/plf.d"
 -cpu=S2 
 -dev="C:\Renesas\e2_studio\DebugComp\\RL78\RL78\Common\DR5F11AGJ.DVF"
 -I "C:\Program Files (x86)\Renesas\RL78\1_7_0\inc","..\..\..\..\..\..\src\driver\serial","..\..\..\..\..\..\src\driver\wakeup","..\..\..\..\..\..\src\driver\dataflash\cc_rl","..\..\..\..\..\..\src\driver\dataflash","..\..\..\..\..\..\src\driver\codeflash\cc_rl","..\..\..\..\..\..\src\driver\codeflash","..\..\..\..\..\..\src\driver\DTM2Wire","..\..\..\..\..\..\src\driver\push_sw","..\..\..\..\..\..\src\driver\pktmon","..\..\..\..\..\..\src","..\..\..\..\..\..\src\compiler","..\..\..\..\..\..\src\arch\rl78","..\..\..\..\..\..\src\arch\rl78\ll","..\..\..\..\..\..\src\driver\led","..\..\..\..\..\..\src\driver\peak","..\..\..\..\..\..\src\driver\plf","..\..\..\..\..\..\src\driver\port","..\..\..\..\..\..\src\driver\rf","..\..\..\..\..\..\src\driver\uart","..\..\..\..\..\..\..\bleip\src\common","..\..\..\..\..\..\..\bleip\src\rwble","..\..\..\..\..\..\..\rBLE\src\include"
 -D CFG_FULLEMB,USE_VUART_PROFILE,CFG_CON=4,CFG_EXMEM_NOT_PRESENT,CFG_BLECORE_10,CFG_PROFEMB,CFG_SECURITY_ON,CFG_RBLE,CFG_USE_EEL,CFG_FW_NAK,CONFIG_MODEM,_USE_CCRL_RL78,noUSE_SAMPLE_PROFILE,noCFG_USE_PEAK,noUSE_FW_UPDATE_PROFILE,CLK_HOCO_8MHZ,noCFG_PKTMON
 -character_set=sjis
 -lang=c
 -memory_model=medium
 -Osize
 -goptimize
 -signed_char
 -switch=binary
 -cref=DefaultBuild
 -convert_cc=ca78k0r
 -no_warning_num=23082 
 -MM
 -MP
 -o "Project_Source/renesas/src/driver/DTM2Wire/DTM2Wire.d" 
 -MT="Project_Source/renesas/src/driver/DTM2Wire/DTM2Wire.obj" 
 -MT="Project_Source/renesas/src/driver/DTM2Wire/DTM2Wire.d"
 -cpu=S2 
 -dev="C:\Renesas\e2_studio\DebugComp\\RL78\RL78\Common\DR5F11AGJ.DVF"
 -I "C:\Program Files (x86)\Renesas\RL78\1_7_0\inc","..\..\..\..\..\..\src\driver\serial","..\..\..\..\..\..\src\driver\wakeup","..\..\..\..\..\..\src\driver\dataflash\cc_rl","..\..\..\..\..\..\src\driver\dataflash","..\..\..\..\..\..\src\driver\codeflash\cc_rl","..\..\..\..\..\..\src\driver\codeflash","..\..\..\..\..\..\src\driver\DTM2Wire","..\..\..\..\..\..\src\driver\push_sw","..\..\..\..\..\..\src\driver\pktmon","..\..\..\..\..\..\src","..\..\..\..\..\..\src\compiler","..\..\..\..\..\..\src\arch\rl78","..\..\..\..\..\..\src\arch\rl78\ll","..\..\..\..\..\..\src\driver\led","..\..\..\..\..\..\src\driver\peak","..\..\..\..\..\..\src\driver\plf","..\..\..\..\..\..\src\driver\port","..\..\..\..\..\..\src\driver\rf","..\..\..\..\..\..\src\driver\uart","..\..\..\..\..\..\..\bleip\src\common","..\..\..\..\..\..\..\bleip\src\rwble","..\..\..\..\..\..\..\rBLE\src\include"
 -D CFG_FULLEMB,USE_VUART_PROFILE,CFG_CON=4,CFG_EXMEM_NOT_PRESENT,CFG_BLECORE_10,CFG_PROFEMB,CFG_SECURITY_ON,CFG_RBLE,CFG_USE_EEL,CFG_FW_NAK,CONFIG_MODEM,_USE_CCRL_RL78,noUSE_SAMPLE_PROFILE,noCFG_USE_PEAK,noUSE_FW_UPDATE_PROFILE,CLK_HOCO_8MHZ,noCFG_PKTMON
 -character_set=sjis
 -lang=c
 -memory_model=medium
 -Osize
 -goptimize
 -signed_char
 -switch=binary
 -cref=DefaultBuild
 -convert_cc=ca78k0r
 -no_warning_num=23082 
ccrl -subcommand="Project_Source\renesas\src\driver\plf\plfcDepSubCommand.tmp" -msg_lang=english "C:/BLE_Renesas/checkout_rBLE_Modem_Source_Code/renesas/src/driver/plf/plf.c"
 -MM
 -MP
 -o "Project_Source/renesas/src/driver/dataflash/dataflash.d" 
 -MT="Project_Source/renesas/src/driver/dataflash/dataflash.obj" 
 -MT="Project_Source/renesas/src/driver/dataflash/dataflash.d"
 -cpu=S2 
 -dev="C:\Renesas\e2_studio\DebugComp\\RL78\RL78\Common\DR5F11AGJ.DVF"
 -I "C:\Program Files (x86)\Renesas\RL78\1_7_0\inc","..\..\..\..\..\..\src\driver\serial","..\..\..\..\..\..\src\driver\wakeup","..\..\..\..\..\..\src\driver\dataflash\cc_rl","..\..\..\..\..\..\src\driver\dataflash","..\..\..\..\..\..\src\driver\codeflash\cc_rl","..\..\..\..\..\..\src\driver\codeflash","..\..\..\..\..\..\src\driver\DTM2Wire","..\..\..\..\..\..\src\driver\push_sw","..\..\..\..\..\..\src\driver\pktmon","..\..\..\..\..\..\src","..\..\..\..\..\..\src\compiler","..\..\..\..\..\..\src\arch\rl78","..\..\..\..\..\..\src\arch\rl78\ll","..\..\..\..\..\..\src\driver\led","..\..\..\..\..\..\src\driver\peak","..\..\..\..\..\..\src\driver\plf","..\..\..\..\..\..\src\driver\port","..\..\..\..\..\..\src\driver\rf","..\..\..\..\..\..\src\driver\uart","..\..\..\..\..\..\..\bleip\src\common","..\..\..\..\..\..\..\bleip\src\rwble","..\..\..\..\..\..\..\rBLE\src\include"
 -D CFG_FULLEMB,USE_VUART_PROFILE,CFG_CON=4,CFG_EXMEM_NOT_PRESENT,CFG_BLECORE_10,CFG_PROFEMB,CFG_SECURITY_ON,CFG_RBLE,CFG_USE_EEL,CFG_FW_NAK,CONFIG_MODEM,_USE_CCRL_RL78,noUSE_SAMPLE_PROFILE,noCFG_USE_PEAK,noUSE_FW_UPDATE_PROFILE,CLK_HOCO_8MHZ,noCFG_PKTMON
 -character_set=sjis
 -lang=c
 -memory_model=medium
 -Osize
 -goptimize
 -signed_char
 -switch=binary
 -cref=DefaultBuild
 -convert_cc=ca78k0r
 -no_warning_num=23082 
Project_Source\renesas\src\driver\dataflash\fdl_descriptor_t02cDepSubCommand.tmp=
 -MM
 -MP
 -o "Project_Source/renesas/src/driver/dataflash/eel_descriptor_t02.d" 
 -MT="Project_Source/renesas/src/driver/dataflash/eel_descriptor_t02.obj" 
 -MT="Project_Source/renesas/src/driver/dataflash/eel_descriptor_t02.d"
 -cpu=S2 
 -dev="C:\Renesas\e2_studio\DebugComp\\RL78\RL78\Common\DR5F11AGJ.DVF"
 -I "C:\Program Files (x86)\Renesas\RL78\1_7_0\inc","..\..\..\..\..\..\src\driver\serial","..\..\..\..\..\..\src\driver\wakeup","..\..\..\..\..\..\src\driver\dataflash\cc_rl","..\..\..\..\..\..\src\driver\dataflash","..\..\..\..\..\..\src\driver\codeflash\cc_rl","..\..\..\..\..\..\src\driver\codeflash","..\..\..\..\..\..\src\driver\DTM2Wire","..\..\..\..\..\..\src\driver\push_sw","..\..\..\..\..\..\src\driver\pktmon","..\..\..\..\..\..\src","..\..\..\..\..\..\src\compiler","..\..\..\..\..\..\src\arch\rl78","..\..\..\..\..\..\src\arch\rl78\ll","..\..\..\..\..\..\src\driver\led","..\..\..\..\..\..\src\driver\peak","..\..\..\..\..\..\src\driver\plf","..\..\..\..\..\..\src\driver\port","..\..\..\..\..\..\src\driver\rf","..\..\..\..\..\..\src\driver\uart","..\..\..\..\..\..\..\bleip\src\common","..\..\..\..\..\..\..\bleip\src\rwble","..\..\..\..\..\..\..\rBLE\src\include"
 -D CFG_FULLEMB,USE_VUART_PROFILE,CFG_CON=4,CFG_EXMEM_NOT_PRESENT,CFG_BLECORE_10,CFG_PROFEMB,CFG_SECURITY_ON,CFG_RBLE,CFG_USE_EEL,CFG_FW_NAK,CONFIG_MODEM,_USE_CCRL_RL78,noUSE_SAMPLE_PROFILE,noCFG_USE_PEAK,noUSE_FW_UPDATE_PROFILE,CLK_HOCO_8MHZ,noCFG_PKTMON
 -character_set=sjis
 -lang=c
 -memory_model=medium
 -Osize
 -goptimize
 -signed_char
 -switch=binary
 -cref=DefaultBuild
 -convert_cc=ca78k0r
 -no_warning_num=23082 
'Scanning and building file: C:/BLE_Renesas/checkout_rBLE_Modem_Source_Code/renesas/src/driver/led/led.c'
ccrl -subcommand="Project_Source\renesas\src\driver\DTM2Wire\DTM2WirecDepSubCommand.tmp" -msg_lang=english "C:/BLE_Renesas/checkout_rBLE_Modem_Source_Code/renesas/src/driver/DTM2Wire/DTM2Wire.c"
ccrl -subcommand="Project_Source\renesas\src\driver\dataflash\dataflashcDepSubCommand.tmp" -msg_lang=english "C:/BLE_Renesas/checkout_rBLE_Modem_Source_Code/renesas/src/driver/dataflash/dataflash.c"
ccrl -subcommand="Project_Source\renesas\src\driver\dataflash\eel_descriptor_t02cDepSubCommand.tmp" -msg_lang=english "C:/BLE_Renesas/checkout_rBLE_Modem_Source_Code/renesas/src/driver/dataflash/eel_descriptor_t02.c"
 -MM
 -MP
 -o "Project_Source/renesas/src/driver/dataflash/fdl_descriptor_t02.d" 
 -MT="Project_Source/renesas/src/driver/dataflash/fdl_descriptor_t02.obj" 
 -MT="Project_Source/renesas/src/driver/dataflash/fdl_descriptor_t02.d"
 -cpu=S2 
 -dev="C:\Renesas\e2_studio\DebugComp\\RL78\RL78\Common\DR5F11AGJ.DVF"
 -I "C:\Program Files (x86)\Renesas\RL78\1_7_0\inc","..\..\..\..\..\..\src\driver\serial","..\..\..\..\..\..\src\driver\wakeup","..\..\..\..\..\..\src\driver\dataflash\cc_rl","..\..\..\..\..\..\src\driver\dataflash","..\..\..\..\..\..\src\driver\codeflash\cc_rl","..\..\..\..\..\..\src\driver\codeflash","..\..\..\..\..\..\src\driver\DTM2Wire","..\..\..\..\..\..\src\driver\push_sw","..\..\..\..\..\..\src\driver\pktmon","..\..\..\..\..\..\src","..\..\..\..\..\..\src\compiler","..\..\..\..\..\..\src\arch\rl78","..\..\..\..\..\..\src\arch\rl78\ll","..\..\..\..\..\..\src\driver\led","..\..\..\..\..\..\src\driver\peak","..\..\..\..\..\..\src\driver\plf","..\..\..\..\..\..\src\driver\port","..\..\..\..\..\..\src\driver\rf","..\..\..\..\..\..\src\driver\uart","..\..\..\..\..\..\..\bleip\src\common","..\..\..\..\..\..\..\bleip\src\rwble","..\..\..\..\..\..\..\rBLE\src\include"
 -D CFG_FULLEMB,USE_VUART_PROFILE,CFG_CON=4,CFG_EXMEM_NOT_PRESENT,CFG_BLECORE_10,CFG_PROFEMB,CFG_SECURITY_ON,CFG_RBLE,CFG_USE_EEL,CFG_FW_NAK,CONFIG_MODEM,_USE_CCRL_RL78,noUSE_SAMPLE_PROFILE,noCFG_USE_PEAK,noUSE_FW_UPDATE_PROFILE,CLK_HOCO_8MHZ,noCFG_PKTMON
 -character_set=sjis
 -lang=c
 -memory_model=medium
 -Osize
 -goptimize
 -signed_char
 -switch=binary
 -cref=DefaultBuild
 -convert_cc=ca78k0r
 -no_warning_num=23082 
'Invoking: Scanner and Compiler'
ccrl -subcommand="Project_Source\renesas\src\driver\dataflash\fdl_descriptor_t02cDepSubCommand.tmp" -msg_lang=english "C:/BLE_Renesas/checkout_rBLE_Modem_Source_Code/renesas/src/driver/dataflash/fdl_descriptor_t02.c"
'Scanning and building file: C:/BLE_Renesas/checkout_rBLE_Modem_Source_Code/renesas/src/driver/uart/uart.c'
'Scanning and building file: C:/BLE_Renesas/checkout_rBLE_Modem_Source_Code/renesas/src/driver/wakeup/wakeup.c'
'Invoking: Scanner and Compiler'
Project_Source\renesas\src\driver\led\ledcDepSubCommand.tmp=
'Invoking: Scanner and Compiler'
Project_Source\renesas\src\driver\uart\uartcDepSubCommand.tmp=
 -MM
 -MP
 -o "Project_Source/renesas/src/driver/led/led.d" 
 -MT="Project_Source/renesas/src/driver/led/led.obj" 
 -MT="Project_Source/renesas/src/driver/led/led.d"
 -cpu=S2 
 -dev="C:\Renesas\e2_studio\DebugComp\\RL78\RL78\Common\DR5F11AGJ.DVF"
 -I "C:\Program Files (x86)\Renesas\RL78\1_7_0\inc","..\..\..\..\..\..\src\driver\serial","..\..\..\..\..\..\src\driver\wakeup","..\..\..\..\..\..\src\driver\dataflash\cc_rl","..\..\..\..\..\..\src\driver\dataflash","..\..\..\..\..\..\src\driver\codeflash\cc_rl","..\..\..\..\..\..\src\driver\codeflash","..\..\..\..\..\..\src\driver\DTM2Wire","..\..\..\..\..\..\src\driver\push_sw","..\..\..\..\..\..\src\driver\pktmon","..\..\..\..\..\..\src","..\..\..\..\..\..\src\compiler","..\..\..\..\..\..\src\arch\rl78","..\..\..\..\..\..\src\arch\rl78\ll","..\..\..\..\..\..\src\driver\led","..\..\..\..\..\..\src\driver\peak","..\..\..\..\..\..\src\driver\plf","..\..\..\..\..\..\src\driver\port","..\..\..\..\..\..\src\driver\rf","..\..\..\..\..\..\src\driver\uart","..\..\..\..\..\..\..\bleip\src\common","..\..\..\..\..\..\..\bleip\src\rwble","..\..\..\..\..\..\..\rBLE\src\include"
 -D CFG_FULLEMB,USE_VUART_PROFILE,CFG_CON=4,CFG_EXMEM_NOT_PRESENT,CFG_BLECORE_10,CFG_PROFEMB,CFG_SECURITY_ON,CFG_RBLE,CFG_USE_EEL,CFG_FW_NAK,CONFIG_MODEM,_USE_CCRL_RL78,noUSE_SAMPLE_PROFILE,noCFG_USE_PEAK,noUSE_FW_UPDATE_PROFILE,CLK_HOCO_8MHZ,noCFG_PKTMON
 -character_set=sjis
 -lang=c
 -memory_model=medium
 -Osize
 -goptimize
 -signed_char
 -switch=binary
 -cref=DefaultBuild
 -convert_cc=ca78k0r
 -no_warning_num=23082 
ccrl -subcommand="Project_Source\renesas\src\driver\led\ledcDepSubCommand.tmp" -msg_lang=english "C:/BLE_Renesas/checkout_rBLE_Modem_Source_Code/renesas/src/driver/led/led.c"
Project_Source\renesas\src\driver\wakeup\wakeupcDepSubCommand.tmp=
 -MM
 -MP
 -o "Project_Source/renesas/src/driver/wakeup/wakeup.d" 
 -MT="Project_Source/renesas/src/driver/wakeup/wakeup.obj" 
 -MT="Project_Source/renesas/src/driver/wakeup/wakeup.d"
 -cpu=S2 
 -dev="C:\Renesas\e2_studio\DebugComp\\RL78\RL78\Common\DR5F11AGJ.DVF"
 -I "C:\Program Files (x86)\Renesas\RL78\1_7_0\inc","..\..\..\..\..\..\src\driver\serial","..\..\..\..\..\..\src\driver\wakeup","..\..\..\..\..\..\src\driver\dataflash\cc_rl","..\..\..\..\..\..\src\driver\dataflash","..\..\..\..\..\..\src\driver\codeflash\cc_rl","..\..\..\..\..\..\src\driver\codeflash","..\..\..\..\..\..\src\driver\DTM2Wire","..\..\..\..\..\..\src\driver\push_sw","..\..\..\..\..\..\src\driver\pktmon","..\..\..\..\..\..\src","..\..\..\..\..\..\src\compiler","..\..\..\..\..\..\src\arch\rl78","..\..\..\..\..\..\src\arch\rl78\ll","..\..\..\..\..\..\src\driver\led","..\..\..\..\..\..\src\driver\peak","..\..\..\..\..\..\src\driver\plf","..\..\..\..\..\..\src\driver\port","..\..\..\..\..\..\src\driver\rf","..\..\..\..\..\..\src\driver\uart","..\..\..\..\..\..\..\bleip\src\common","..\..\..\..\..\..\..\bleip\src\rwble","..\..\..\..\..\..\..\rBLE\src\include"
 -D CFG_FULLEMB,USE_VUART_PROFILE,CFG_CON=4,CFG_EXMEM_NOT_PRESENT,CFG_BLECORE_10,CFG_PROFEMB,CFG_SECURITY_ON,CFG_RBLE,CFG_USE_EEL,CFG_FW_NAK,CONFIG_MODEM,_USE_CCRL_RL78,noUSE_SAMPLE_PROFILE,noCFG_USE_PEAK,noUSE_FW_UPDATE_PROFILE,CLK_HOCO_8MHZ,noCFG_PKTMON
 -character_set=sjis
 -lang=c
 -memory_model=medium
 -Osize
 -goptimize
 -signed_char
 -switch=binary
 -cref=DefaultBuild
 -convert_cc=ca78k0r
 -no_warning_num=23082 
 -MM
 -MP
 -o "Project_Source/renesas/src/driver/uart/uart.d" 
 -MT="Project_Source/renesas/src/driver/uart/uart.obj" 
 -MT="Project_Source/renesas/src/driver/uart/uart.d"
 -cpu=S2 
 -dev="C:\Renesas\e2_studio\DebugComp\\RL78\RL78\Common\DR5F11AGJ.DVF"
 -I "C:\Program Files (x86)\Renesas\RL78\1_7_0\inc","..\..\..\..\..\..\src\driver\serial","..\..\..\..\..\..\src\driver\wakeup","..\..\..\..\..\..\src\driver\dataflash\cc_rl","..\..\..\..\..\..\src\driver\dataflash","..\..\..\..\..\..\src\driver\codeflash\cc_rl","..\..\..\..\..\..\src\driver\codeflash","..\..\..\..\..\..\src\driver\DTM2Wire","..\..\..\..\..\..\src\driver\push_sw","..\..\..\..\..\..\src\driver\pktmon","..\..\..\..\..\..\src","..\..\..\..\..\..\src\compiler","..\..\..\..\..\..\src\arch\rl78","..\..\..\..\..\..\src\arch\rl78\ll","..\..\..\..\..\..\src\driver\led","..\..\..\..\..\..\src\driver\peak","..\..\..\..\..\..\src\driver\plf","..\..\..\..\..\..\src\driver\port","..\..\..\..\..\..\src\driver\rf","..\..\..\..\..\..\src\driver\uart","..ccrl -subcommand="Project_Source\renesas\src\driver\wakeup\wakeupcDepSubCommand.tmp" -msg_lang=english "C:/BLE_Renesas/checkout_rBLE_Modem_Source_Code/renesas/src/driver/wakeup/wakeup.c"
\..\..\..\..\..\..\bleip\src\common","..\..\..\..\..\..\..\bleip\src\rwble","..\..\..\..\..\..\..\rBLE\src\include"
 -D CFG_FULLEMB,USE_VUART_PROFILE,CFG_CON=4,CFG_EXMEM_NOT_PRESENT,CFG_BLECORE_10,CFG_PROFEMB,CFG_SECURITY_ON,CFG_RBLE,CFG_USE_EEL,CFG_FW_NAK,CONFIG_MODEM,_USE_CCRL_RL78,noUSE_SAMPLE_PROFILE,noCFG_USE_PEAK,noUSE_FW_UPDATE_PROFILE,CLK_HOCO_8MHZ,noCFG_PKTMON
 -character_set=sjis
 -lang=c
 -memory_model=medium
 -Osize
 -goptimize
 -signed_char
 -switch=binary
 -cref=DefaultBuild
 -convert_cc=ca78k0r
 -no_warning_num=23082 
ccrl -subcommand="Project_Source\renesas\src\driver\uart\uartcDepSubCommand.tmp" -msg_lang=english "C:/BLE_Renesas/checkout_rBLE_Modem_Source_Code/renesas/src/driver/uart/uart.c"
Project_Source\renesas\src\driver\dataflash\fdl_descriptor_t02cSubCommand.tmp=
 -cpu=S2
 -c
 -dev="C:\Renesas\e2_studio\DebugComp\\RL78\RL78\Common\DR5F11AGJ.DVF"
 -I "C:\Program Files (x86)\Renesas\RL78\1_7_0\inc","..\..\..\..\..\..\src\driver\serial","..\..\..\..\..\..\src\driver\wakeup","..\..\..\..\..\..\src\driver\dataflash\cc_rl","..\..\..\..\..\..\src\driver\dataflash","..\..\..\..\..\..\src\driver\codeflash\cc_rl","..\..\..\..\..\..\src\driver\codeflash","..\..\..\..\..\..\src\driver\DTM2Wire","..\..\..\..\..\..\src\driver\push_sw","..\..\..\..\..\..\src\driver\pktmon","..\..\..\..\..\..\src","..\..\..\..\..\..\src\compiler","..\..\..\..\..\..\src\arch\rl78","..\..\..\..\..\..\src\arch\rl78\ll","..\..\..\..\..\..\src\driver\led","..\..\..\..\..\..\src\driver\peak","..\..\..\..\..\..\src\driver\plf","..\..\..\..\..\..\src\driver\port","..\..\..\..\..\..\src\driver\rf","..\..\..\..\..\..\src\driver\uart","..\..\..\..\..\..\..\bleip\src\common","..\..\..\..\..\..\..\bleip\src\rwble","..\..\..\..\..\..\..\rBLE\src\include"
 -D CFG_FULLEMB,USE_VUART_PROFILE,CFG_CON=4,CFG_EXMEM_NOT_PRESENT,CFG_BLECORE_10,CFG_PROFEMB,CFG_SECURITY_ON,CFG_RBLE,CFG_USE_EEL,CFG_FW_NAK,CONFIG_MODEM,_USE_CCRL_RL78,noUSE_SAMPLE_PROFILE,noCFG_USE_PEAK,noUSE_FW_UPDATE_PROFILE,CLK_HOCO_8MHZ,noCFG_PKTMON
 -character_set=sjis
 -lang=c
 -g
 -o "Project_Source/renesas/src/driver/dataflash/fdl_descriptor_t02.obj"
 -memory_model=medium
 -Osize
 -goptimize
 -signed_char
 -switch=binary
 -cref=DefaultBuild
 -convert_cc=ca78k0r
 -no_warning_num=23082 
ccrl -subcommand="Project_Source\renesas\src\driver\dataflash\fdl_descriptor_t02cSubCommand.tmp" -msg_lang=english "C:/BLE_Renesas/checkout_rBLE_Modem_Source_Code/renesas/src/driver/dataflash/fdl_descriptor_t02.c"
Project_Source\renesas\src\driver\wakeup\wakeupcSubCommand.tmp=
Project_Source\renesas\src\driver\led\ledcSubCommand.tmp=
Project_Source\renesas\src\driver\uart\uartcSubCommand.tmp=
 -cpu=S2
 -c
 -dev="C:\Renesas\e2_studio\DebugComp\\RL78\RL78\Common\DR5F11AGJ.DVF"
 -I "C:\Program Files (x86)\Renesas\RL78\1_7_0\inc","..\..\..\..\..\..\src\driver\serial","..\..\..\..\..\..\src\driver\wakeup","..\..\..\..\..\..\src\driver\dataflash\cc_rl","..\..\..\..\..\..\src\driver\dataflash","..\..\..\..\..\..\src\driver\codeflash\cc_rl","..\..\..\..\..\..\src\driver\codeflash","..\..\..\..\..\..\src\driver\DTM2Wire","..\..\..\..\..\..\src\driver\push_sw","..\..\..\..\..\..\src\driver\pktmon","..\..\..\..\..\..\src","..\..\..\..\..\..\src\compiler","..\..\..\..\..\..\src\arch\rl78","..\..\..\..\..\..\src\arch\rl78\ll","..\..\..\..\..\..\src\driver\led","..\..\..\..\..\..\src\driver\peak","..\..\..\..\..\..\src\driver\plf","..\..\..\..\..\..\src\driver\port","..\..\..\..\..\..\src\driver\rf","..\..\..\..\..\..\src\driver\uart","..\..\..\..\..\..\..\bleip\src\common","..\..\..\..\..\..\..\bleip\src\rwble","..\..\..\..\..\..\..\rBLE\src\include"
 -D CFG_FULLEMB,USE_VUART_PROFILE,CFG_CON=4,CFG_EXMEM_NOT_PRESENT,CFG_BLECORE_10,CFG_PROFEMB,CFG_SECURITY_ON,CFG_RBLE,CFG_USE_EEL,CFG_FW_NAK,CONFIG_MODEM,_USE_CCRL_RL78,noUSE_SAMPLE_PROFILE,noCFG_USE_PEAK,noUSE_FW_UPDATE_PROFILE,CLK_HOCO_8MHZ,noCFG_PKTMON
 -character_set=sjis
 -lang=c
 -g
 -o "Project_Source/renesas/src/driver/wakeup/wakeup.obj"
 -memory_model=medium
 -Osize
 -goptimize
 -signed_char
 -switch=binary
 -cref=DefaultBuild
 -convert_cc=ca78k0r
 -no_warning_num=23082 
ccrl -subcommand="Project_Source\renesas\src\driver\wakeup\wakeupcSubCommand.tmp" -msg_lang=english "C:/BLE_Renesas/checkout_rBLE_Modem_Source_Code/renesas/src/driver/wakeup/wakeup.c"
 -cpu=S2
 -c
 -dev="C:\Renesas\e2_studio\DebugComp\\RL78\RL78\Common\DR5F11AGJ.DVF"
 -I "C:\Program Files (x86)\Renesas\RL78\1_7_0\inc","..\..\..\..\..\..\src\driver\serial","..\..\..\..\..\..\src\driver\wakeup","..\..\..\..\..\..\src\driver\dataflash\cc_rl","..\..\..\..\..\..\src\driver\dataflash","..\..\..\..\..\..\src\driver\codeflash\cc_rl","..\..\..\..\..\..\src\driver\codeflash","..\..\..\..\..\..\src\driver\DTM2Wire","..\..\..\..\..\..\src\driver\push_sw","..\..\..\..\..\..\src\driver\pktmon","..\..\..\..\..\..\src","..\..\..\..\..\..\src\compiler","..\..\..\..\..\..\src\arch\rl78","..\..\..\..\..\..\src\arch\rl78\ll","..\..\..\..\..\..\src\driver\led","..\..\..\..\..\..\src\driver\peak","..\..\..\..\..\..\src\driver\plf","..\..\..\..\..\..\src\driver\port","..\..\..\..\..\..\src\driver\rf","..\..\..\..\..\..\src\driver\uart","..\..\..\..\..\..\..\bleip\src\common","..\..\..\..\..\..\..\bleip\src\rwble","..\..\..\..\..\..\..\rBLE\src\include"
 -D CFG_FULLEMB,USE_VUART_PROFILE,CFG_CON=4,CFG_EXMEM_NOT_PRESENT,CFG_BLECORE_10,CFG_PROFEMB,CFG_SECURITY_ON,CFG_RBLE,CFG_USE_EEL,CFG_FW_NAK,CONFIG_MODEM,_USE_CCRL_RL78,noUSE_SAMPLE_PROFILE,noCFG_USE_PEAK,noUSE_FW_UPDATE_PROFILE,CLK_HOCO_8MHZ,noCFG_PKTMON
 -character_set=sjis
 -lang=c
 -g
 -o "Project_Source/renesas/src/driver/led/led.obj"
 -memory_model=medium
 -Osize
 -goptimize
 -signed_char
 -switch=binary
 -cref=DefaultBuild
 -convert_cc=ca78k0r
 -no_warning_num=23082 
ccrl -subcommand="Project_Source\renesas\src\driver\led\ledcSubCommand.tmp" -msg_lang=english "C:/BLE_Renesas/checkout_rBLE_Modem_Source_Code/renesas/src/driver/led/led.c"
Project_Source\renesas\src\driver\plf\plfcSubCommand.tmp=
 -cpu=S2
 -c
 -dev="C:\Renesas\e2_studio\DebugComp\\RL78\RL78\Common\DR5F11AGJ.DVF"
 -I "C:\Program Files (x86)\Renesas\RL78\1_7_0\inc","..\..\..\..\..\..\src\driver\serial","..\..\..\..\..\..\src\driver\wakeup","..\..\..\..\..\..\src\driver\dataflash\cc_rl","..\..\..\..\..\..\src\driver\dataflash","..\..\..\..\..\..\src\driver\codeflash\cc_rl","..\..\..\..\..\..\src\driver\codeflash","..\..\..\..\..\..\src\driver\DTM2Wire","..\..\..\..\..\..\src\driver\push_sw","..\..\..\..\..\..\src\driver\pktmon","..\..\..\..\..\..\src","..\..\..\..\..\..\src\compiler","..\..\..\..\..\..\src\arch\rl78","..\..\..\..\..\..\src\arch\rl78\ll","..\..\..\..\..\..\src\driver\led","..\..\..\..\..\..\src\driver\peak","..\..\..\..\..\..\src\driver\plf","..\..\..\..\..\..\src\driver\port","..\..\..\..\..\..\src\driver\rf","..\..\..\..\..\..\src\driver\uart","..\..\..\..\..\..\..\bleip\src\common","..\..\..\..\..\..\..\bleip\src\rwble","..\..\..\..\..\..\..\rBLE\src\include"
 -D CFG_FULLEMB,USE_VUART_PROFILE,CFG_CON=4,CFG_EXMEM_NOT_PRESENT,CFG_BLECORE_10,CFG_PROFEMB,CFG_SECURITY_ON,CFG_RBLE,CFG_USE_EEL,CFG_FW_NAK,CONFIG_MODEM,_USE_CCRL_RL78,noUSE_SAMPLE_PROFILE,noCFG_USE_PEAK,noUSE_FW_UPDATE_PROFILE,CLK_HOCO_8MHZ,noCFG_PKTMON
 -character_set=sjis
 -lang=c
 -g
 -o "Project_Source/renesas/src/driver/uart/uart.obj"
 -memory_model=medium
 -Osize
 -goptimize
 -signed_char
 -switch=binary
 -cref=DefaultBuild
 -convert_cc=ca78k0r
 -no_warning_num=23082 
ccrl -subcommand="Project_Source\renesas\src\driver\uart\uartcSubCommand.tmp" -msg_lang=english "C:/BLE_Renesas/checkout_rBLE_Modem_Source_Code/renesas/src/driver/uart/uart.c"
 -cpu=S2
 -c
 -dev="C:\Renesas\e2_studio\DebugComp\\RL78\RL78\Common\DR5F11AGJ.DVF"
 -I "C:\Program Files (x86)\Renesas\RL78\1_7_0\inc","..\..\..\..\..\..\src\driver\serial","..\..\..\..\..\..\src\driver\wakeup","..\..\..\..\..\..\src\driver\dataflash\cc_rl","..\..\..\..\..\..\src\driver\dataflash","..\..\..\..\..\..\src\driver\codeflash\cc_rl","..\..\..\..\..\..\src\driver\codeflash","..\..\..\..\..\..\src\driver\DTM2Wire","..\..\..\..\..\..\src\driver\push_sw","..\..\..\..\..\..\src\driver\pktmon","..\..\..\..\..\..\src","..\..\..\..\..\..\src\compiler","..\..\..\..\..\..\src\arch\rl78","..\..\..\..\..\..\src\arch\rl78\ll","..\..\..\..\..\..\src\driver\led","..\..\..\..\..\..\src\driver\peak","..\..\..\..\..\..\src\driver\plf","..\..\..\..\..\..\src\driver\port","..\..\..\..\..\..\src\driver\rf","..\..\..\..\..\..\src\driver\uart","..\..\..\..\..\..\..\bleip\src\common","..\..\..\..\..\..\..\bleip\src\rwble","..\..\..\..\..\..\..\rBLE\src\include"
 -D CFG_FULLEMB,USE_VUART_PROFILE,CFG_CON=4,CFG_EXMEM_NOT_PRESENT,CFG_BLECORE_10,CFG_PROFEMB,CFG_SECURITY_ON,CFG_RBLE,CFG_USE_EEL,CFG_FW_NAK,CONFIG_MODEM,_USE_CCRL_RL78,noUSE_SAMPLE_PROFILE,noCFG_USE_PEAK,noUSE_FW_UPDATE_PROFILE,CLK_HOCO_8MHZ,noCFG_PKTMON
 -character_set=sjis
 -lang=c
 -g
 -o "Project_Source/renesas/src/driver/plf/plf.obj"
 -memory_model=medium
 -Osize
 -goptimize
 -signed_char
 -switch=binary
 -cref=DefaultBuild
 -convert_cc=ca78k0r
 -no_warning_num=23082 
ccrl -subcommand="Project_Source\renesas\src\driver\plf\plfcSubCommand.tmp" -msg_lang=english "C:/BLE_Renesas/checkout_rBLE_Modem_Source_Code/renesas/src/driver/plf/plf.c"
Project_Source\renesas\src\driver\dataflash\eel_descriptor_t02cSubCommand.tmp=
 -cpu=S2
 -c
 -dev="C:\Renesas\e2_studio\DebugComp\\RL78\RL78\Common\DR5F11AGJ.DVF"
 -I "C:\Program Files (x86)\Renesas\RL78\1_7_0\inc","..\..\..\..\..\..\src\driver\serial","..\..\..\..\..\..\src\driver\wakeup","..\..\..\..\..\..\src\driver\dataflash\cc_rl","..\..\..\..\..\..\src\driver\dataflash","..\..\..\..\..\..\src\driver\codeflash\cc_rl","..\..\..\..\..\..\src\driver\codeflash","..\..\..\..\..\..\src\driver\DTM2Wire","..\..\..\..\..\..\src\driver\push_sw","..\..\..\..\..\..\src\driver\pktmon","..\..\..\..\..\..\src","..\..\..\..\..\..\src\compiler","..\..\..\..\..\..\src\arch\rl78","..\..\..\..\..\..\src\arch\rl78\ll","..\..\..\..\..\..\src\driver\led","..\..\..\..\..\..\src\driver\peak","..\..\..\..\..\..\src\driver\plf","..\..\..\..\..\..\src\driver\port","..\..\..\..\..\..\src\driver\rf","..\..\..\..\..\..\src\driver\uart","..\..\..\..\..\..\..\bleip\src\common","..\..\..\..\..\..\..\bleip\src\rwble","..\..\..\..\..\..\..\rBLE\src\include"
 -D CFG_FULLEMB,USE_VUART_PROFILE,CFG_CON=4,CFG_EXMEM_NOT_PRESENT,CFG_BLECORE_10,CFG_PROFEMB,CFG_SECURITY_ON,CFG_RBLE,CFG_USE_EEL,CFG_FW_NAK,CONFIG_MODEM,_USE_CCRL_RL78,noUSE_SAMPLE_PROFILE,noCFG_USE_PEAK,noUSE_FW_UPDATE_PROFILE,CLK_HOCO_8MHZ,noCFG_PKTMON
 -character_set=sjis
 -lang=c
 -g
 -o "Project_Source/renesas/src/driver/dataflash/eel_descriptor_t02.obj"
 -memory_model=medium
 -Osize
 -goptimize
 -signed_char
 -switch=binary
 -cref=DefaultBuild
 -convert_cc=ca78k0r
 -no_warning_num=23082 
ccrl -subcommand="Project_Source\renesas\src\driver\dataflash\eel_descriptor_t02cSubCommand.tmp" -msg_lang=english "C:/BLE_Renesas/checkout_rBLE_Modem_Source_Code/renesas/src/driver/dataflash/eel_descriptor_t02.c"
Project_Source\renesas\src\driver\dataflash\dataflashcSubCommand.tmp=
 -cpu=S2
 -c
 -dev="C:\Renesas\e2_studio\DebugComp\\RL78\RL78\Common\DR5F11AGJ.DVF"
 -I "C:\Program Files (x86)\Renesas\RL78\1_7_0\inc","..\..\..\..\..\..\src\driver\serial","..\..\..\..\..\..\src\driver\wakeup","..\..\..\..\..\..\src\driver\dataflash\cc_rl","..\..\..\..\..\..\src\driver\dataflash","..\..\..\..\..\..\src\driver\codeflash\cc_rl","..\..\..\..\..\..\src\driver\codeflash","..\..\..\..\..\..\src\driver\DTM2Wire","..\..\..\..\..\..\src\driver\push_sw","..\..\..\..\..\..\src\driver\pktmon","..\..\..\..\..\..\src","..\..\..\..\..\..\src\compiler","..\..\..\..\..\..\src\arch\rl78","..\..\..\..\..\..\src\arch\rl78\ll","..\..\..\..\..\..\src\driver\led","..\..\..\..\..\..\src\driver\peak","..\..\..\..\..\..\src\driver\plf","..\..\..\..\..\..\src\driver\port","..\..\..\..\..\..\src\driver\rf","..\..\..\..\..\..\src\driver\uart","..\..\..\..\..\..\..\bleip\src\common","..\..\..\..\..\..\..\bleip\src\rwble","..\..\..\..\..\..\..\rBLE\src\include"
 -D CFG_FULLEMB,USE_VUART_PROFILE,CFG_CON=4,CFG_EXMEM_NOT_PRESENT,CFG_BLECORE_10,CFG_PROFEMB,CFG_SECURITY_ON,CFG_RBLE,CFG_USE_EEL,CFG_FW_NAK,CONFIG_MODEM,_USE_CCRL_RL78,noUSE_SAMPLE_PROFILE,noCFG_USE_PEAK,noUSE_FW_UPDATE_PROFILE,CLK_HOCO_8MHZ,noCFG_PKTMON
 -character_set=sjis
 -lang=c
 -g
 -o "Project_Source/renesas/src/driver/dataflash/dataflash.obj"
 -memory_model=medium
 -Osize
 -goptimize
 -signed_char
 -switch=binary
 -cref=DefaultBuild
 -convert_cc=ca78k0r
 -no_warning_num=23082 
ccrl -subcommand="Project_Source\renesas\src\driver\dataflash\dataflashcSubCommand.tmp" -msg_lang=english "C:/BLE_Renesas/checkout_rBLE_Modem_Source_Code/renesas/src/driver/dataflash/dataflash.c"
Project_Source\renesas\src\driver\DTM2Wire\DTM2WirecSubCommand.tmp=
 -cpu=S2
 -c
 -dev="C:\Renesas\e2_studio\DebugComp\\RL78\RL78\Common\DR5F11AGJ.DVF"
 -I "C:\Program Files (x86)\Renesas\RL78\1_7_0\inc","..\..\..\..\..\..\src\driver\serial","..\..\..\..\..\..\src\driver\wakeup","..\..\..\..\..\..\src\driver\dataflash\cc_rl","..\..\..\..\..\..\src\driver\dataflash","..\..\..\..\..\..\src\driver\codeflash\cc_rl","..\..\..\..\..\..\src\driver\codeflash","..\..\..\..\..\..\src\driver\DTM2Wire","..\..\..\..\..\..\src\driver\push_sw","..\..\..\..\..\..\src\driver\pktmon","..\..\..\..\..\..\src","..\..\..\..\..\..\src\compiler","..\..\..\..\..\..\src\arch\rl78","..\..\..\..\..\..\src\arch\rl78\ll","..\..\..\..\..\..\src\driver\led","..\..\..\..\..\..\src\driver\peak","..\..\..\..\..\..\src\driver\plf","..\..\..\..\..\..\src\driver\port","..\..\..\..\..\..\src\driver\rf","..\..\..\..\..\..\src\driver\uart","..\..\..\..\..\..\..\bleip\src\common","..\..\..\..\..\..\..\bleip\src\rwble","..\..\..\..\..\..\..\rBLE\src\include"
 -D CFG_FULLEMB,USE_VUART_PROFILE,CFG_CON=4,CFG_EXMEM_NOT_PRESENT,CFG_BLECORE_10,CFG_PROFEMB,CFG_SECURITY_ON,CFG_RBLE,CFG_USE_EEL,CFG_FW_NAK,CONFIG_MODEM,_USE_CCRL_RL78,noUSE_SAMPLE_PROFILE,noCFG_USE_PEAK,noUSE_FW_UPDATE_PROFILE,CLK_HOCO_8MHZ,noCFG_PKTMON
 -character_set=sjis
 -lang=c
 -g
 -o "Project_Source/renesas/src/driver/DTM2Wire/DTM2Wire.obj"
 -memory_model=medium
 -Osize
 -goptimize
 -signed_char
 -switch=binary
 -cref=DefaultBuild
 -convert_cc=ca78k0r
 -no_warning_num=23082 
ccrl -subcommand="Project_Source\renesas\src\driver\DTM2Wire\DTM2WirecSubCommand.tmp" -msg_lang=english "C:/BLE_Renesas/checkout_rBLE_Modem_Source_Code/renesas/src/driver/DTM2Wire/DTM2Wire.c"
'Finished Scanning and building: C:/BLE_Renesas/checkout_rBLE_Modem_Source_Code/renesas/src/driver/dataflash/eel_descriptor_t02.c'
'Finished Scanning and building: C:/BLE_Renesas/checkout_rBLE_Modem_Source_Code/renesas/src/driver/dataflash/fdl_descriptor_t02.c'
'Finished Scanning and building: C:/BLE_Renesas/checkout_rBLE_Modem_Source_Code/renesas/src/driver/wakeup/wakeup.c'
'Finished Scanning and building: C:/BLE_Renesas/checkout_rBLE_Modem_Source_Code/renesas/src/driver/led/led.c'
'Finished Scanning and building: C:/BLE_Renesas/checkout_rBLE_Modem_Source_Code/renesas/src/driver/uart/uart.c'
'Finished Scanning and building: C:/BLE_Renesas/checkout_rBLE_Modem_Source_Code/renesas/src/driver/dataflash/dataflash.c'
'Finished Scanning and building: C:/BLE_Renesas/checkout_rBLE_Modem_Source_Code/renesas/src/driver/plf/plf.c'
'Finished Scanning and building: C:/BLE_Renesas/checkout_rBLE_Modem_Source_Code/renesas/src/driver/DTM2Wire/DTM2Wire.c'








'Scanning and building file: C:/BLE_Renesas/checkout_rBLE_Modem_Source_Code/renesas/src/driver/codeflash/codeflash.c'
'Scanning and building file: C:/BLE_Renesas/checkout_rBLE_Modem_Source_Code/rBLE/src/sample_profile/fwup/fwupr.c'
'Scanning and building file: C:/BLE_Renesas/checkout_rBLE_Modem_Source_Code/renesas/src/driver/push_sw/push_sw.c'
'Invoking: Scanner and Compiler'
'Invoking: Scanner and Compiler'
'Invoking: Scanner and Compiler'
'Scanning and building file: C:/BLE_Renesas/checkout_rBLE_Modem_Source_Code/rBLE/src/sample_app/rble_fw_up_receiver_app.c'
Project_Source\renesas\src\driver\codeflash\codeflashcDepSubCommand.tmp=
Project_Source\rBLE\src\sample_profile\fwup\fwuprcDepSubCommand.tmp=
Project_Source\renesas\src\driver\push_sw\push_swcDepSubCommand.tmp=
'Invoking: Scanner and Compiler'
 -MM
 -MP
 -o "Project_Source/renesas/src/driver/codeflash/codeflash.d" 
 -MT="Project_Source/renesas/src/driver/codeflash/codeflash.obj" 
 -MT="Project_Source/renesas/src/driver/codeflash/codeflash.d"
 -cpu=S2 
 -dev="C:\Renesas\e2_studio\DebugComp\\RL78\RL78\Common\DR5F11AGJ.DVF"
 -I "C:\Program Files (x86)\Renesas\RL78\1_7_0\inc","..\..\..\..\..\..\src\driver\serial","..\..\..\..\..\..\src\driver\wakeup","..\..\..\..\..\..\src\driver\dataflash\cc_rl","..\..\..\..\..\..\src\driver\dataflash","..\..\..\..\..\..\src\driver\codeflash\cc_rl","..\..\..\..\..\..\src\driver\codeflash","..\..\..\..\..\..\src\driver\DTM2Wire","..\..\..\..\..\..\src\driver\push_sw","..\..\..\..\..\..\src\driver\pktmon","..\..\..\..\..\..\src","..\..\..\..\..\..\src\compiler","..\..\..\..\..\..\src\arch\rl78","..\..\..\..\..\..\src\arch\rl78\ll","..\..\..\..\..\..\src\driver\led","..\..\..\..\..\..\src\driver\peak","..\..\..\..\..\..\src\driver\plf","..\..\..\..\..\..\src\driver\port","..\..\..\..\..\..\src\driver\rf","..\..\..\..\..\..\src\driver\uart","..\..\..\..\..\..\..\bleip\src\common","..\..\..\..\..\..\..\bleip\src\rwble","..\..\..\..\..\..\..\rBLE\src\include"
 -D CFG_FULLEMB,USE_VUART_PROFILE,CFG_CON=4,CFG_EXMEM_NOT_PRESENT,CFG_BLECORE_10,CFG_PROFEMB,CFG_SECURITY_ON,CFG_RBLE,CFG_USE_EEL,CFG_FW_NAK,CONFIG_MODEM,_USE_CCRL_RL78,noUSE_SAMPLE_PROFILE,noCFG_USE_PEAK,noUSE_FW_UPDATE_PROFILE,CLK_HOCO_8MHZ,noCFG_PKTMON
 -character_set=sjis
 -lang=c
 -memory_model=medium
 -Osize
 -goptimize
 -signed_char
 -switch=binary
 -cref=DefaultBuild
 -convert_cc=ca78k0r
 -no_warning_num=23082 
 -MM
 -MP
 -o "Project_Source/rBLE/src/sample_profile/fwup/fwupr.d" 
 -MT="Project_Source/rBLE/src/sample_profile/fwup/fwupr.obj" 
 -MT="Project_Source/rBLE/src/sample_profile/fwup/fwupr.d"
 -cpu=S2 
 -dev="C:\Renesas\e2_studio\DebugComp\\RL78\RL78\Common\DR5F11AGJ.DVF"
 -I "C:\Program Files (x86)\Renesas\RL78\1_7_0\inc","..\..\..\..\..\..\src\driver\serial","..\..\..\..\..\..\src\driver\wakeup","..\..\..\..\..\..\src\driver\dataflash\cc_rl","..\..\..\..\..\..\src\driver\dataflash","..\..\..\..\..\..\src\driver\codeflash\cc_rl","..\..\..\..\..\..\src\driver\codeflash","..\..\..\..\..\..\src\driver\DTM2Wire","..\..\..\..\..\..\src\driver\push_sw","..\..\..\..\..\..\src\driver\pktmon","..\..\..\..\..\..\src","..\..\..\..\..\..\src\compiler","..\..\..\..\..\..\src\arch\rl78","..\..\..\..\..\..\src\arch\rl78\ll","..\..\..\..\..\..\src\driver\led","..\..\..\..\..\..\src\driver\peak","..\..\..\..\..\..\src\driver\plf","..\..\..\..\..\..\src\driver\port","..\..\..\..\..\..\src\driver\rf","..\..\..\..\..\..\src\driver\uart","..\..\..\..\..\..\..\bleip\src\common","..\..\..\..\..\..\..\bleip\src\rwble","..\..\..\..\..\..\..\rBLE\src\include"
 -D CFG_FULLEMB,USE_VUART_PROFILE,CFG_CON=4,CFG_EXMEM_NOT_PRESENT,CFG_BLECORE_10,CFG_PROFEMB,CFG_SECURITY_ON,CFG_RBLE,CFG_USE_EEL,CFG_FW_NAK,CONFIG_MODEM,_USE_CCRL_RL78,noUSE_SAMPLE_PROFILE,noCFG_USE_PEAK,noUSE_FW_UPDATE_PROFILE,CLK_HOCO_8MHZ,noCFG_PKTMON
 -character_set=sjis
 -lang=c
 -memory_model=medium
 -Osize
 -goptimize
 -signed_char
 -switch=binary
 -cref=DefaultBuild
 -convert_cc=ca78k0r
 -no_warning_num=23082 
'Scanning and building file: C:/BLE_Renesas/checkout_rBLE_Modem_Source_Code/renesas/src/arch/rl78/arch_main.c'
 -MM
 -MP
 -o "Project_Source/renesas/src/driver/push_sw/push_sw.d" 
 -MT="Project_Source/renesas/src/driver/push_sw/push_sw.obj" 
 -MT="Project_Source/renesas/src/driver/push_sw/push_sw.d"
 -cpu=S2 
 -dev="C:\Renesas\e2_studio\DebugComp\\RL78\RL78\Common\DR5F11AGJ.DVF"
 -I "C:\Program Files (x86)\Renesas\RL78\1_7_0\inc","..\..\..\..\..\..\src\driver\serial","..\..\..\..\..\..\src\driver\wakeup","..\..\..\..\..\..\src\driver\dataflash\cc_rl","..\..\..\..\..\..\src\driver\dataflash","..\..\..\..\..\..\src\driver\codeflash\cc_rl","..\..\..\..\..\..\src\driver\codeflash","..\..\..\..\..\..\src\driver\DTM2Wire","..\..\..\..\..\..\src\driver\push_sw","..\..\..\..\..\..\src\driver\pktmon","..\..\..\..\..\..\src","..\..\..\..\..\..\src\compiler","..\..\..\..\..\..\src\arch\rl78","..\..\..\..\..\..\src\arch\rl78\ll","..\..\..\..\..\..\src\driver\led","..\..\..\..\..\..\src\driver\peak","..\..\..\..\..\..\src\driver\plf","..\..\..\..\..\..\src\driver\port","..\..\..\..\..\..\src\driver\rf","..\..\..\..\..\..\src\driver\uart","..\..\..\..\..\..\..\bleip\src\common","..\..\..\..\..\..\..\bleip\src\rwble","..\..\..\..\..\..\..\rBLE\src\include"
 -D CFG_FULLEMB,USE_VUART_PROFILE,CFG_CON=4,CFG_EXMEM_NOT_PRESENT,CFG_BLECORE_10,CFG_PROFEMB,CFG_SECURITY_ON,CFG_RBLE,CFG_USE_EEL,CFG_FW_NAK,CONFIG_MODEM,_USE_CCRL_RL78,noUSE_SAMPLE_PROFILE,noCFG_USE_PEAK,noUSE_FW_UPDATE_PROFILE,CLK_HOCO_8MHZ,noCFG_PKTMON
 -character_set=sjis
 -lang=c
 -memory_model=medium
 -Osize
 -goptimize
 -signed_char
 -switch=binary
 -cref=DefaultBuild
 -convert_cc=ca78k0r
 -no_warning_num=23082 
ccrl -subcommand="Project_Source\renesas\src\driver\codeflash\codeflashcDepSubCommand.tmp" -msg_lang=english "C:/BLE_Renesas/checkout_rBLE_Modem_Source_Code/renesas/src/driver/codeflash/codeflash.c"
'Scanning and building file: C:/BLE_Renesas/checkout_rBLE_Modem_Source_Code/renesas/src/arch/rl78/fw_update_count0.c'
ccrl -subcommand="Project_Source\rBLE\src\sample_profile\fwup\fwuprcDepSubCommand.tmp" -msg_lang=english "C:/BLE_Renesas/checkout_rBLE_Modem_Source_Code/rBLE/src/sample_profile/fwup/fwupr.c"
ccrl -subcommand="Project_Source\renesas\src\driver\push_sw\push_swcDepSubCommand.tmp" -msg_lang=english "C:/BLE_Renesas/checkout_rBLE_Modem_Source_Code/renesas/src/driver/push_sw/push_sw.c"
Project_Source\rBLE\src\sample_app\rble_fw_up_receiver_appcDepSubCommand.tmp=
'Invoking: Scanner and Compiler'
 -MM
 -MP
 -o "Project_Source/rBLE/src/sample_app/rble_fw_up_receiver_app.d" 
 -MT="Project_Source/rBLE/src/sample_app/rble_fw_up_receiver_app.obj" 
 -MT="Project_Source/rBLE/src/sample_app/rble_fw_up_receiver_app.d"
 -cpu=S2 
 -dev="C:\Renesas\e2_studio\DebugComp\\RL78\RL78\Common\DR5F11AGJ.DVF"
 -I "C:\Program Files (x86)\Renesas\RL78\1_7_0\inc","..\..\..\..\..\..\src\driver\serial","..\..\..\..\..\..\src\driver\wakeup","..\..\..\..\..\..\src\driver\dataflash\cc_rl","..\..\..\..\..\..\src\driver\dataflash","..\..\..\..\..\..\src\driver\codeflash\cc_rl","..\..\..\..\..\..\src\driver\codeflash","..\..\..\..\..\..\src\driver\DTM2Wire","..\..\..\..\..\..\src\driver\push_sw","..\..\..\..\..\..\src\driver\pktmon","..\..\..\..\..\..\src","..\..\..\..\..\..\src\compiler","..\..\..\..\..\..\src\arch\rl78","..\..\..\..\..\..\src\arch\rl78\ll","..\..\..\..\..\..\src\driver\led","..\..\..\..\..\..\src\driver\peak","..\..\..\..\..\..\src\driver\plf","..\..\..\..\..\..\src\driver\port","..\..\..\..\..\..\src\driver\rf","..\..\..\..\..\..\src\driver\uart","..\..\..\..\..\..\..\bleip\src\common","..\..\..\..\..\..\..\bleip\src\rwble","..\..\..\..\..\..\..\rBLE\src\include"
 -D CFG_FULLEMB,USE_VUART_PROFILE,CFG_CON=4,CFG_EXMEM_NOT_PRESENT,CFG_BLECORE_10,CFG_PROFEMB,CFG_SECURITY_ON,CFG_RBLE,CFG_USE_EEL,CFG_FW_NAK,CONFIG_MODEM,_USE_CCRL_RL78,noUSE_SAMPLE_PROFILE,noCFG_USE_PEAK,noUSE_FW_UPDATE_PROFILE,CLK_HOCO_8MHZ,noCFG_PKTMON
 -character_set=sjis
 -lang=c
 -memory_model=medium
 -Osize
 -goptimize
 -signed_char
 -switch=binary
 -cref=DefaultBuild
 -convert_cc=ca78k0r
 -no_warning_num=23082 
ccrl -subcommand="Project_Source\rBLE\src\sample_app\rble_fw_up_receiver_appcDepSubCommand.tmp" -msg_lang=english "C:/BLE_Renesas/checkout_rBLE_Modem_Source_Code/rBLE/src/sample_app/rble_fw_up_receiver_app.c"
Project_Source\renesas\src\arch\rl78\arch_maincDepSubCommand.tmp=
'Invoking: Scanner and Compiler'
'Scanning and building file: C:/BLE_Renesas/checkout_rBLE_Modem_Source_Code/renesas/src/arch/rl78/fw_update_count1.c'
'Scanning and building file: C:/BLE_Renesas/checkout_rBLE_Modem_Source_Code/renesas/src/arch/rl78/ke_conf.c'
Project_Source\renesas\src\arch\rl78\fw_update_count0cDepSubCommand.tmp=
'Invoking: Scanner and Compiler'
 -MM
 -MP
 -o "Project_Source/renesas/src/arch/rl78/arch_main.d" 
 -MT="Project_Source/renesas/src/arch/rl78/arch_main.obj" 
 -MT="Project_Source/renesas/src/arch/rl78/arch_main.d"
 -cpu=S2 
 -dev="C:\Renesas\e2_studio\DebugComp\\RL78\RL78\Common\DR5F11AGJ.DVF"
 -I "C:\Program Files (x86)\Renesas\RL78\1_7_0\inc","..\..\..\..\..\..\src\driver\serial","..\..\..\..\..\..\src\driver\wakeup","..\..\..\..\..\..\src\driver\dataflash\cc_rl","..\..\..\..\..\..\src\driver\dataflash","..\..\..\..\..\..\src\driver\codeflash\cc_rl","..\..\..\..\..\..\src\driver\codeflash","..\..\..\..\..\..\src\driver\DTM2Wire","..\..\..\..\..\..\src\driver\push_sw","..\..\..\..\..\..\src\driver\pktmon","..\..\..\..\..\..\src","..\..\..\..\..\..\src\compiler","..\..\..\..\..\..\src\arch\rl78","..\..\..\..\..\..\src\arch\rl78\ll","..\..\..\..\..\..\src\driver\led","..\..\..\..\..\..\src\driver\peak","..\..\..\..\..\..\src\driver\plf","..\..\..\..\..\..\src\driver\port","..\..\..\..\..\..\src\driver\rf","..\..\..\..\..\..\src\driver\uart","..\..\..\..\..\..\..\bleip\src\common","..\..\..\..\..\..\..\bleip\src\rwble","..\..\..\..\..\..\..\rBLE\src\include"
 -D CFG_FULLEMB,USE_VUART_PROFILE,CFG_CON=4,CFG_EXMEM_NOT_PRESENT,CFG_BLECORE_10,CFG_PROFEMB,CFG_SECURITY_ON,CFG_RBLE,CFG_USE_EEL,CFG_FW_NAK,CONFIG_MODEM,_USE_CCRL_RL78,noUSE_SAMPLE_PROFILE,noCFG_USE_PEAK,noUSE_FW_UPDATE_PROFILE,CLK_HOCO_8MHZ,noCFG_PKTMON
 -character_set=sjis
 -lang=c
 -memory_model=medium
 -Osize
 -goptimize
 -signed_char
 -switch=binary
 -cref=DefaultBuild
 -convert_cc=ca78k0r
 -no_warning_num=23082 
ccrl -subcommand="Project_Source\renesas\src\arch\rl78\arch_maincDepSubCommand.tmp" -msg_lang=english "C:/BLE_Renesas/checkout_rBLE_Modem_Source_Code/renesas/src/arch/rl78/arch_main.c"
 -MM
 -MP
 -o "Project_Source/renesas/src/arch/rl78/fw_update_count0.d" 
 -MT="Project_Source/renesas/src/arch/rl78/fw_update_count0.obj" 
 -MT="Project_Source/renesas/src/arch/rl78/fw_update_count0.d"
 -cpu=S2 
 -dev="C:\Renesas\e2_studio\DebugComp\\RL78\RL78\Common\DR5F11AGJ.DVF"
 -I "C:\Program Files (x86)\Renesas\RL78\1_7_0\inc","..\..\..\..\..\..\src\driver\serial","..\..\..\..\..\..\src\driver\wakeup","..\..\..\..\..\..\src\driver\dataflash\cc_rl","..\..\..\..\..\..\src\driver\dataflash","..\..\..\..\..\..\src\driver\codeflash\cc_rl","..\..\..\..\..\..\src\driver\codeflash","..\..\..\..\..\..\src\driver\DTM2Wire","..\..\..\..\..\..\src\driver\push_sw","..\..\..\..\..\..\src\driver\pktmon","..\..\..\..\..\..\src","..\..\..\..\..\..\src\compiler","..\..\..\..\..\..\src\arch\rl78","..\..\..\..\..\..\src\arch\rl78\ll","..\..\..\..\..\..\src\driver\led","..\..\..\..\..\..\src\driver\peak","..\..\..\..\..\..\src\driver\plf","..\..\..\..\..\..\src\driver\port","..\..\..\..\..\..\src\driver\rf","..\..\..\..\..\..\src\driver\uart","..\..\..\..\..\..\..\bleip\src\common","..\..\..\..\..\..\..\bleip\src\rwble","..\..\..\..\..\..\..\rBLE\src\include"
 -D CFG_FULLEMB,USE_VUART_PROFILE,CFG_CON=4,CFG_EXMEM_NOT_PRESENT,CFG_BLECORE_10,CFG_PROFEMB,CFG_SECURITY_ON,CFG_RBLE,CFG_USE_EEL,CFG_FW_NAK,CONFIG_MODEM,_USE_CCRL_RL78,noUSE_SAMPLE_PROFILE,noCFG_USE_PEAK,noUSE_FW_UPDATE_PROFILE,CLK_HOCO_8MHZ,noCFG_PKTMON
 -character_set=sjis
 -lang=c
 -memory_model=medium
 -Osize
 -goptimize
 -signed_char
 -switch=binary
 -cref=DefaultBuild
 -convert_cc=ca78k0r
 -no_warning_num=23082 
ccrl -subcommand="Project_Source\renesas\src\arch\rl78\fw_update_count0cDepSubCommand.tmp" -msg_lang=english "C:/BLE_Renesas/checkout_rBLE_Modem_Source_Code/renesas/src/arch/rl78/fw_update_count0.c"
'Invoking: Scanner and Compiler'
Project_Source\renesas\src\arch\rl78\fw_update_count1cDepSubCommand.tmp=
Project_Source\renesas\src\arch\rl78\ke_confcDepSubCommand.tmp=
Project_Source\renesas\src\driver\codeflash\codeflashcSubCommand.tmp=
 -MM
 -MP
 -o "Project_Source/renesas/src/arch/rl78/fw_update_count1.d" 
 -MT="Project_Source/renesas/src/arch/rl78/fw_update_count1.obj" 
 -MT="Project_Source/renesas/src/arch/rl78/fw_update_count1.d"
 -cpu=S2 
 -dev="C:\Renesas\e2_studio\DebugComp\\RL78\RL78\Common\DR5F11AGJ.DVF"
 -I "C:\Program Files (x86)\Renesas\RL78\1_7_0\inc","..\..\..\..\..\..\src\driver\serial","..\..\..\..\..\..\src\driver\wakeup","..\..\..\..\..\..\src\driver\dataflash\cc_rl","..\..\..\..\..\..\src\driver\dataflash","..\..\..\..\..\..\src\driver\codeflash\cc_rl","..\..\..\..\..\..\src\driver\codeflash","..\..\..\..\..\..\src\driver\DTM2Wire","..\..\..\..\..\..\src\driver\push_sw","..\..\..\..\..\..\src\driver\pktmon","..\..\..\..\..\..\src","..\..\..\..\..\..\src\compiler","..\..\..\..\..\..\src\arch\rl78","..\..\..\..\..\..\src\arch\rl78\ll","..\..\..\..\..\..\src\driver\led","..\..\..\..\..\..\src\driver\peak","..\..\..\..\..\..\src\driver\plf","..\..\..\..\..\..\src\driver\port","..\..\..\..\..\..\src\driver\rf","..\..\..\..\..\..\src\driver\uart","..\..\..\..\..\..\..\bleip\src\common","..\..\..\..\..\..\..\bleip\src\rwble","..\..\..\..\..\..\..\rBLE\src\include"
 -D CFG_FULLEMB,USE_VUART_PROFILE,CFG_CON=4,CFG_EXMEM_NOT_PRESENT,CFG_BLECORE_10,CFG_PROFEMB,CFG_SECURITY_ON,CFG_RBLE,CFG_USE_EEL,CFG_FW_NAK,CONFIG_MODEM,_USE_CCRL_RL78,noUSE_SAMPLE_PROFILE,noCFG_USE_PEAK,noUSE_FW_UPDATE_PROFILE,CLK_HOCO_8MHZ,noCFG_PKTMON
 -character_set=sjis
 -lang=c
 -memory_model=medium
 -Osize
 -goptimize
 -signed_char
 -switch=binary
 -cref=DefaultBuild
 -convert_cc=ca78k0r
 -no_warning_num=23082 
ccrl -subcommand="Project_Source\renesas\src\arch\rl78\fw_update_count1cDepSubCommand.tmp" -msg_lang=english "C:/BLE_Renesas/checkout_rBLE_Modem_Source_Code/renesas/src/arch/rl78/fw_update_count1.c"
 -cpu=S2
 -c
 -dev="C:\Renesas\e2_studio\DebugComp\\RL78\RL78\Common\DR5F11AGJ.DVF"
 -I "C:\Program Files (x86)\Renesas\RL78\1_7_0\inc","..\..\..\..\..\..\src\driver\serial","..\..\..\..\..\..\src\driver\wakeup","..\..\..\..\..\..\src\driver\dataflash\cc_rl","..\..\..\..\..\..\src\driver\dataflash","..\..\..\..\..\..\src\driver\codeflash\cc_rl","..\..\..\..\..\..\src\driver\codeflash","..\..\..\..\..\..\src\driver\DTM2Wire","..\..\..\..\..\..\src\driver\push_sw","..\..\..\..\..\..\src\driver\pktmon","..\..\..\..\..\..\src","..\..\..\..\..\..\src\compiler","..\..\..\..\..\..\src\arch\rl78","..\..\..\..\..\..\src\arch\rl78\ll","..\..\..\..\..\..\src\driver\led","..\..\..\..\..\..\src\driver\peak","..\..\..\..\..\..\src\driver\plf","..\..\..\..\..\..\src\driver\port","..\..\..\..\..\..\src\driver\rf","..\..\..\..\..\..\src\driver\uart","..\..\..\..\..\..\..\bleip\src\common","..\..\..\..\..\..\..\bleip\src\rwble","..\..\..\..\..\..\..\rBLE\src\include"
 -D CFG_FULLEMB,USE_VUART_PROFILE,CFG_CON=4,CFG_EXMEM_NOT_PRESENT,CFG_BLECORE_10,CFG_PROFEMB,CFG_SECURITY_ON,CFG_RBLE,CFG_USE_EEL,CFG_FW_NAK,CONFIG_MODEM,_USE_CCRL_RL78,noUSE_SAMPLE_PROFILE,noCFG_USE_PEAK,noUSE_FW_UPDATE_PROFILE,CLK_HOCO_8MHZ,noCFG_PKTMON
 -character_set=sjis
 -lang=c
 -g
 -o "Project_Source/renesas/src/driver/codeflash/codeflash.obj"
 -memory_model=medium
 -Osize
 -goptimize
 -signed_char
 -switch=binary
 -cref=DefaultBuild
 -convert_cc=ca78k0r
 -no_warning_num=23082 
 -MM
 -MP
 -o "Project_Source/renesas/src/arch/rl78/ke_conf.d" 
 -MT="Project_Source/renesas/src/arch/rl78/ke_conf.obj" 
 -MT="Project_Source/renesas/src/arch/rl78/ke_conf.d"
 -cpu=S2 
 -dev="C:\Renesas\e2_studio\DebugComp\\RL78\RL78\Common\DR5F11AGJ.DVF"
 -I "C:\Program Files (x86)\Renesas\RL78\1_7_0\inc","..\..\..\..\..\..\src\driver\serial","..\..\..\..\..\..\src\driver\wakeup","..\..\..\..\..\..\src\driver\dataflash\cc_rl","..\..\..\..\..\..\src\driver\dataflash","..\..\..\..\..\..\src\driver\codeflash\cc_rl","..\..\..\..\..\..\src\driver\codeflash","..\..\..\..\..\..\src\driver\DTM2Wire","..\..\..\..\..\..\src\driver\push_sw","..\..\..\..\..\..\src\driver\pktmon","..\..\..\..\..\..\src","..\..\..\..\..\..\src\compiler","..\..\..\..\..\..\src\arch\rl78","..\..\..\..\..\..\src\arch\rl78\ll","..\..\..\..\..\..\src\driver\led","..\..\..\..\..\..\src\driver\peak","..\..\..\..\..\..\src\driver\plf","..\..\..\..\..\..\src\driver\port","..\..\..\..\..\..\src\driver\rf","..\..\..\..\..\..\src\driver\uart","..\..\..\..\..\..\..\bleip\src\common","..\..\..\..\..\..\..\bleip\src\rwble","..\..\..\..\..\..\..\rBLE\src\include"
 -D CFG_FULLEMB,USE_VUART_PROFILE,CFG_CON=4,CFG_EXMEM_NOT_PRESENT,CFG_BLECORE_10,CFG_PROFEMB,CFG_SECURITY_ON,CFG_RBLE,CFG_USE_EEL,CFG_FW_NAK,CONFIG_MODEM,_USE_CCRL_RL78,noUSE_SAMPLE_PROFILE,noCFG_USE_PEAK,noUSE_FW_UPDATE_PROFILE,CLK_HOCO_8MHZ,noCFG_PKTMON
 -character_set=sjis
 -lang=c
 -memory_model=medium
 -Osize
 -goptimize
 -signed_char
 -switch=binary
 -cref=DefaultBuild
 -convert_cc=ca78k0r
 -no_warning_num=23082 
ccrl -subcommand="Project_Source\renesas\src\arch\rl78\ke_confcDepSubCommand.tmp" -msg_lang=english "C:/BLE_Renesas/checkout_rBLE_Modem_Source_Code/renesas/src/arch/rl78/ke_conf.c"
ccrl -subcommand="Project_Source\renesas\src\driver\codeflash\codeflashcSubCommand.tmp" -msg_lang=english "C:/BLE_Renesas/checkout_rBLE_Modem_Source_Code/renesas/src/driver/codeflash/codeflash.c"
Project_Source\rBLE\src\sample_app\rble_fw_up_receiver_appcSubCommand.tmp=
Project_Source\renesas\src\arch\rl78\fw_update_count0cSubCommand.tmp=
Project_Source\renesas\src\driver\push_sw\push_swcSubCommand.tmp=
 -cpu=S2
 -c
 -dev="C:\Renesas\e2_studio\DebugComp\\RL78\RL78\Common\DR5F11AGJ.DVF"
 -I "C:\Program Files (x86)\Renesas\RL78\1_7_0\inc","..\..\..\..\..\..\src\driver\serial","..\..\..\..\..\..\src\driver\wakeup","..\..\..\..\..\..\src\driver\dataflash\cc_rl","..\..\..\..\..\..\src\driver\dataflash","..\..\..\..\..\..\src\driver\codeflash\cc_rl","..\..\..\..\..\..\src\driver\codeflash","..\..\..\..\..\..\src\driver\DTM2Wire","..\..\..\..\..\..\src\driver\push_sw","..\..\..\..\..\..\src\driver\pktmon","..\..\..\..\..\..\src","..\..\..\..\..\..\src\compiler","..\..\..\..\..\..\src\arch\rl78","..\..\..\..\..\..\src\arch\rl78\ll","..\..\..\..\..\..\src\driver\led","..\..\..\..\..\..\src\driver\peak","..\..\..\..\..\..\src\driver\plf","..\..\..\..\..\..\src\driver\port","..\..\..\..\..\..\src\driver\rf","..\..\..\..\..\..\src\driver\uart","..\..\..\..\..\..\..\bleip\src\common","..\..\..\..\..\..\..\bleip\src\rwble","..\..\..\..\..\..\..\rBLE\src\include"
 -D CFG_FULLEMB,USE_VUART_PROFILE,CFG_CON=4,CFG_EXMEM_NOT_PRESENT,CFG_BLECORE_10,CFG_PROFEMB,CFG_SECURITY_ON,CFG_RBLE,CFG_USE_EEL,CFG_FW_NAK,CONFIG_MODEM,_USE_CCRL_RL78,noUSE_SAMPLE_PROFILE,noCFG_USE_PEAK,noUSE_FW_UPDATE_PROFILE,CLK_HOCO_8MHZ,noCFG_PKTMON
 -character_set=sjis
 -lang=c
 -g
 -o "Project_Source/rBLE/src/sample_app/rble_fw_up_receiver_app.obj"
 -memory_model=medium
 -Osize
 -goptimize
 -signed_char
 -switch=binary
 -cref=DefaultBuild
 -convert_cc=ca78k0r
 -no_warning_num=23082 
ccrl -subcommand="Project_Source\rBLE\src\sample_app\rble_fw_up_receiver_appcSubCommand.tmp" -msg_lang=english "C:/BLE_Renesas/checkout_rBLE_Modem_Source_Code/rBLE/src/sample_app/rble_fw_up_receiver_app.c"
 -cpu=S2
 -c
 -dev="C:\Renesas\e2_studio\DebugComp\\RL78\RL78\Common\DR5F11AGJ.DVF"
 -I "C:\Program Files (x86)\Renesas\RL78\1_7_0\inc","..\..\..\..\..\..\src\driver\serial","..\..\..\..\..\..\src\driver\wakeup","..\..\..\..\..\..\src\driver\dataflash\cc_rl","..\..\..\..\..\..\src\driver\dataflash","..\..\..\..\..\..\src\driver\codeflash\cc_rl","..\..\..\..\..\..\src\driver\codeflash","..\..\..\..\..\..\src\driver\DTM2Wire","..\..\..\..\..\..\src\driver\push_sw","..\..\..\..\..\..\src\driver\pktmon","..\..\..\..\..\..\src","..\..\..\..\..\..\src\compiler","..\..\..\..\..\..\src\arch\rl78","..\..\..\..\..\..\src\arch\rl78\ll","..\..\..\..\..\..\src\driver\led","..\..\..\..\..\..\src\driver\peak","..\..\..\..\..\..\src\driver\plf","..\..\..\..\..\..\src\driver\port","..\..\..\..\..\..\src\driver\rf","..\..\..\..\..\..\src\driver\uart","..\..\..\..\..\..\..\bleip\src\common","..\..\..\..\..\..\..\bleip\src\rwble","..\..\..\..\..\..\..\rBLE\src\include"
 -D CFG_FULLEMB,USE_VUART_PROFILE,CFG_CON=4,CFG_EXMEM_NOT_PRESENT,CFG_BLECORE_10,CFG_PROFEMB,CFG_SECURITY_ON,CFG_RBLE,CFG_USE_EEL,CFG_FW_NAK,CONFIG_MODEM,_USE_CCRL_RL78,noUSE_SAMPLE_PROFILE,noCFG_USE_PEAK,noUSE_FW_UPDATE_PROFILE,CLK_HOCO_8MHZ,noCFG_PKTMON
 -character_set=sjis
 -lang=c
 -g
 -o "Project_Source/renesas/src/driver/push_sw/push_sw.obj"
 -memory_model=medium
 -Osize
 -goptimize
 -signed_char
 -switch=binary
 -cref=DefaultBuild
 -convert_cc=ca78k0r
 -no_warning_num=23082 
 -cpu=S2
 -c
 -dev="C:\Renesas\e2_studio\DebugComp\\RL78\RL78\Common\DR5F11AGJ.DVF"
 -I "C:\Program Files (x86)\Renesas\RL78\1_7_0\inc","..\..\..\..\..\..\src\driver\serial","..\..\..\..\..\..\src\driver\wakeup","..\..\..\..\..\..\src\driver\dataflash\cc_rl","..\..\..\..\..\..\src\driver\dataflash","..\..\..\..\..\..\src\driver\codeflash\cc_rl","..\..\..\..\..\..\src\driver\codeflash","..\..\..\..\..\..\src\driver\DTM2Wire","..\..\..\..\..\..\src\driver\push_sw","..\..\..\..\..\..\src\driver\pktmon","..\..\..\..\..\..\src","..\..\..\..\..\..\src\compiler","..\..\..\..\..\..\src\arch\rl78","..\..\..\..\..\..\src\arch\rl78\ll","..\..\..\..\..\..\src\driver\led","..\..\..\..\..\..\src\driver\peak","..\..\..\..\..\..\src\driver\plf","..\..\..\..\..\..\src\driver\port","..\..\..\..\..\..\src\driver\rf","..\..\..\..\..\..\src\driver\uart","..\..\..\..\..\..\..\bleip\src\common","..\..\..\..\..\..\..\bleip\src\rwble","..\..\..\..\..\..\..\rBLE\src\include"
 -D CFG_FULLEMB,USE_VUART_PROFILE,CFG_CON=4,CFG_EXMEM_NOT_PRESENT,CFG_BLECORE_10,CFG_PROFEMB,CFG_SECURITY_ON,CFG_RBLE,CFG_USE_EEL,CFG_FW_NAK,CONFIG_MODEM,_USE_CCRL_RL78,noUSE_SAMPLE_PROFILE,noCFG_USE_PEAK,noUSE_FW_UPDATE_PROFILE,CLK_HOCO_8MHZ,noCFG_PKTMON
 -character_set=sjis
 -lang=c
 -g
 -o "Project_Source/renesas/src/arch/rl78/fw_update_count0.obj"
 -memory_model=medium
 -Osize
 -goptimize
 -signed_char
 -switch=binary
 -cref=DefaultBuild
 -convert_cc=ca78k0r
 -no_warning_num=23082 
ccrl -subcommand="Project_Source\renesas\src\arch\rl78\fw_update_count0cSubCommand.tmp" -msg_lang=english "C:/BLE_Renesas/checkout_rBLE_Modem_Source_Code/renesas/src/arch/rl78/fw_update_count0.c"
ccrl -subcommand="Project_Source\renesas\src\driver\push_sw\push_swcSubCommand.tmp" -msg_lang=english "C:/BLE_Renesas/checkout_rBLE_Modem_Source_Code/renesas/src/driver/push_sw/push_sw.c"
Project_Source\renesas\src\arch\rl78\fw_update_count1cSubCommand.tmp=
 -cpu=S2
 -c
 -dev="C:\Renesas\e2_studio\DebugComp\\RL78\RL78\Common\DR5F11AGJ.DVF"
 -I "C:\Program Files (x86)\Renesas\RL78\1_7_0\inc","..\..\..\..\..\..\src\driver\serial","..\..\..\..\..\..\src\driver\wakeup","..\..\..\..\..\..\src\driver\dataflash\cc_rl","..\..\..\..\..\..\src\driver\dataflash","..\..\..\..\..\..\src\driver\codeflash\cc_rl","..\..\..\..\..\..\src\driver\codeflash","..\..\..\..\..\..\src\driver\DTM2Wire","..\..\..\..\..\..\src\driver\push_sw","..\..\..\..\..\..\src\driver\pktmon","..\..\..\..\..\..\src","..\..\..\..\..\..\src\compiler","..\..\..\..\..\..\src\arch\rl78","..\..\..\..\..\..\src\arch\rl78\ll","..\..\..\..\..\..\src\driver\led","..\..\..\..\..\..\src\driver\peak","..\..\..\..\..\..\src\driver\plf","..\..\..\..\..\..\src\driver\port","..\..\..\..\..\..\src\driver\rf","..\..\..\..\..\..\src\driver\uart","..\..\..\..\..\..\..\bleip\src\common","..\..\..\..\..\..\..\bleip\src\rwble","..\..\..\..\..\..\..\rBLE\src\include"
 -D CFG_FULLEMB,USE_VUART_PROFILE,CFG_CON=4,CFG_EXMEM_NOT_PRESENT,CFG_BLECORE_10,CFG_PROFEMB,CFG_SECURITY_ON,CFG_RBLE,CFG_USE_EEL,CFG_FW_NAK,CONFIG_MODEM,_USE_CCRL_RL78,noUSE_SAMPLE_PROFILE,noCFG_USE_PEAK,noUSE_FW_UPDATE_PROFILE,CLK_HOCO_8MHZ,noCFG_PKTMON
 -character_set=sjis
 -lang=c
 -g
 -o "Project_Source/renesas/src/arch/rl78/fw_update_count1.obj"
 -memory_model=medium
 -Osize
 -goptimize
 -signed_char
 -switch=binary
 -cref=DefaultBuild
 -convert_cc=ca78k0r
 -no_warning_num=23082 
ccrl -subcommand="Project_Source\renesas\src\arch\rl78\fw_update_count1cSubCommand.tmp" -msg_lang=english "C:/BLE_Renesas/checkout_rBLE_Modem_Source_Code/renesas/src/arch/rl78/fw_update_count1.c"
Project_Source\renesas\src\arch\rl78\ke_confcSubCommand.tmp=
 -cpu=S2
 -c
 -dev="C:\Renesas\e2_studio\DebugComp\\RL78\RL78\Common\DR5F11AGJ.DVF"
 -I "C:\Program Files (x86)\Renesas\RL78\1_7_0\inc","..\..\..\..\..\..\src\driver\serial","..\..\..\..\..\..\src\driver\wakeup","..\..\..\..\..\..\src\driver\dataflash\cc_rl","..\..\..\..\..\..\src\driver\dataflash","..\..\..\..\..\..\src\driver\codeflash\cc_rl","..\..\..\..\..\..\src\driver\codeflash","..\..\..\..\..\..\src\driver\DTM2Wire","..\..\..\..\..\..\src\driver\push_sw","..\..\..\..\..\..\src\driver\pktmon","..\..\..\..\..\..\src","..\..\..\..\..\..\src\compiler","..\..\..\..\..\..\src\arch\rl78","..\..\..\..\..\..\src\arch\rl78\ll","..\..\..\..\..\..\src\driver\led","..\..\..\..\..\..\src\driver\peak","..\..\..\..\..\..\src\driver\plf","..\..\..\..\..\..\src\driver\port","..\..\..\..\..\..\src\driver\rf","..\..\..\..\..\..\src\driver\uart","..\..\..\..\..\..\..\bleip\src\common","..\..\..\..\..\..\..\bleip\src\rwble","..\..\..\..\..\..\..\rBLE\src\include"
 -D CFG_FULLEMB,USE_VUART_PROFILE,CFG_CON=4,CFG_EXMEM_NOT_PRESENT,CFG_BLECORE_10,CFG_PROFEMB,CFG_SECURITY_ON,CFG_RBLE,CFG_USE_EEL,CFG_FW_NAK,CONFIG_MODEM,_USE_CCRL_RL78,noUSE_SAMPLE_PROFILE,noCFG_USE_PEAK,noUSE_FW_UPDATE_PROFILE,CLK_HOCO_8MHZ,noCFG_PKTMON
 -character_set=sjis
 -lang=c
 -g
 -o "Project_Source/renesas/src/arch/rl78/ke_conf.obj"
 -memory_model=medium
 -Osize
 -goptimize
 -signed_char
 -switch=binary
 -cref=DefaultBuild
 -convert_cc=ca78k0r
 -no_warning_num=23082 
ccrl -subcommand="Project_Source\renesas\src\arch\rl78\ke_confcSubCommand.tmp" -msg_lang=english "C:/BLE_Renesas/checkout_rBLE_Modem_Source_Code/renesas/src/arch/rl78/ke_conf.c"
Project_Source\rBLE\src\sample_profile\fwup\fwuprcSubCommand.tmp=
 -cpu=S2
 -c
 -dev="C:\Renesas\e2_studio\DebugComp\\RL78\RL78\Common\DR5F11AGJ.DVF"
 -I "C:\Program Files (x86)\Renesas\RL78\1_7_0\inc","..\..\..\..\..\..\src\driver\serial","..\..\..\..\..\..\src\driver\wakeup","..\..\..\..\..\..\src\driver\dataflash\cc_rl","..\..\..\..\..\..\src\driver\dataflash","..\..\..\..\..\..\src\driver\codeflash\cc_rl","..\..\..\..\..\..\src\driver\codeflash","..\..\..\..\..\..\src\driver\DTM2Wire","..\..\..\..\..\..\src\driver\push_sw","..\..\..\..\..\..\src\driver\pktmon","..\..\..\..\..\..\src","..\..\..\..\..\..\src\compiler","..\..\..\..\..\..\src\arch\rl78","..\..\..\..\..\..\src\arch\rl78\ll","..\..\..\..\..\..\src\driver\led","..\..\..\..\..\..\src\driver\peak","..\..\..\..\..\..\src\driver\plf","..\..\..\..\..\..\src\driver\port","..\..\..\..\..\..\src\driver\rf","..\..\..\..\..\..\src\driver\uart","..\..\..\..\..\..\..\bleip\src\common","..\..\..\..\..\..\..\bleip\src\rwble","..\..\..\..\..\..\..\rBLE\src\include"
 -D CFG_FULLEMB,USE_VUART_PROFILE,CFG_CON=4,CFG_EXMEM_NOT_PRESENT,CFG_BLECORE_10,CFG_PROFEMB,CFG_SECURITY_ON,CFG_RBLE,CFG_USE_EEL,CFG_FW_NAK,CONFIG_MODEM,_USE_CCRL_RL78,noUSE_SAMPLE_PROFILE,noCFG_USE_PEAK,noUSE_FW_UPDATE_PROFILE,CLK_HOCO_8MHZ,noCFG_PKTMON
 -character_set=sjis
 -lang=c
 -g
 -o "Project_Source/rBLE/src/sample_profile/fwup/fwupr.obj"
 -memory_model=medium
 -Osize
 -goptimize
 -signed_char
 -switch=binary
 -cref=DefaultBuild
 -convert_cc=ca78k0r
 -no_warning_num=23082 
ccrl -subcommand="Project_Source\rBLE\src\sample_profile\fwup\fwuprcSubCommand.tmp" -msg_lang=english "C:/BLE_Renesas/checkout_rBLE_Modem_Source_Code/rBLE/src/sample_profile/fwup/fwupr.c"
'Finished Scanning and building: C:/BLE_Renesas/checkout_rBLE_Modem_Source_Code/renesas/src/driver/codeflash/codeflash.c'
Project_Source\renesas\src\arch\rl78\arch_maincSubCommand.tmp=

'Finished Scanning and building: C:/BLE_Renesas/checkout_rBLE_Modem_Source_Code/rBLE/src/sample_app/rble_fw_up_receiver_app.c'
'Finished Scanning and building: C:/BLE_Renesas/checkout_rBLE_Modem_Source_Code/renesas/src/driver/push_sw/push_sw.c'
 -cpu=S2
 -c
 -dev="C:\Renesas\e2_studio\DebugComp\\RL78\RL78\Common\DR5F11AGJ.DVF"
 -I "C:\Program Files (x86)\Renesas\RL78\1_7_0\inc","..\..\..\..\..\..\src\driver\serial","..\..\..\..\..\..\src\driver\wakeup","..\..\..\..\..\..\src\driver\dataflash\cc_rl","..\..\..\..\..\..\src\driver\dataflash","..\..\..\..\..\..\src\driver\codeflash\cc_rl","..\..\..\..\..\..\src\driver\codeflash","..\..\..\..\..\..\src\driver\DTM2Wire","..\..\..\..\..\..\src\driver\push_sw","..\..\..\..\..\..\src\driver\pktmon","..\..\..\..\..\..\src","..\..\..\..\..\..\src\compiler","..\..\..\..\..\..\src\arch\rl78","..\..\..\..\..\..\src\arch\rl78\ll","..\..\..\..\..\..\src\driver\led","..\..\..\..\..\..\src\driver\peak","..\..\..\..\..\..\src\driver\plf","..\..\..\..\..\..\src\driver\port","..\..\..\..\..\..\src\driver\rf","..\..\..\..\..\..\src\driver\uart","..\..\..\..\..\..\..\bleip\src\common","..\..\..\..\..\..\..\bleip\src\rwble","..\..\..\..\..\..\..\rBLE\src\include"
 -D CFG_FULLEMB,USE_VUART_PROFILE,CFG_CON=4,CFG_EXMEM_NOT_PRESENT,CFG_BLECORE_10,CFG_PROFEMB,CFG_SECURITY_ON,CFG_RBLE,CFG_USE_EEL,CFG_FW_NAK,CONFIG_MODEM,_USE_CCRL_RL78,noUSE_SAMPLE_PROFILE,noCFG_USE_PEAK,noUSE_FW_UPDATE_PROFILE,CLK_HOCO_8MHZ,noCFG_PKTMON
 -character_set=sjis
 -lang=c
 -g
 -o "Project_Source/renesas/src/arch/rl78/arch_main.obj"
 -memory_model=medium
 -Osize
 -goptimize
 -signed_char
 -switch=binary
 -cref=DefaultBuild
 -convert_cc=ca78k0r
 -no_warning_num=23082 
'Finished Scanning and building: C:/BLE_Renesas/checkout_rBLE_Modem_Source_Code/renesas/src/arch/rl78/fw_update_count0.c'

ccrl -subcommand="Project_Source\renesas\src\arch\rl78\arch_maincSubCommand.tmp" -msg_lang=english "C:/BLE_Renesas/checkout_rBLE_Modem_Source_Code/renesas/src/arch/rl78/arch_main.c"
'Finished Scanning and building: C:/BLE_Renesas/checkout_rBLE_Modem_Source_Code/renesas/src/arch/rl78/fw_update_count1.c'


'Scanning and building file: C:/BLE_Renesas/checkout_rBLE_Modem_Source_Code/renesas/src/arch/rl78/main.c'

'Scanning and building file: C:/BLE_Renesas/checkout_rBLE_Modem_Source_Code/renesas/src/arch/rl78/prf_config.c'
'Scanning and building file: C:/BLE_Renesas/checkout_rBLE_Modem_Source_Code/renesas/src/arch/rl78/prf_config_host.c'
'Scanning and building file: C:/BLE_Renesas/checkout_rBLE_Modem_Source_Code/renesas/src/arch/rl78/rble_core_config.c'
'Invoking: Scanner and Compiler'
'Invoking: Scanner and Compiler'
'Invoking: Scanner and Compiler'
'Scanning and building file: C:/BLE_Renesas/checkout_rBLE_Modem_Source_Code/renesas/src/arch/rl78/rble_modem_config.c'
Project_Source\renesas\src\arch\rl78\maincDepSubCommand.tmp=
'Invoking: Scanner and Compiler'
'Finished Scanning and building: C:/BLE_Renesas/checkout_rBLE_Modem_Source_Code/renesas/src/arch/rl78/ke_conf.c'
Project_Source\renesas\src\arch\rl78\prf_configcDepSubCommand.tmp=
Project_Source\renesas\src\arch\rl78\prf_config_hostcDepSubCommand.tmp=
'Invoking: Scanner and Compiler'
 -MM
 -MP
 -o "Project_Source/renesas/src/arch/rl78/main.d" 
 -MT="Project_Source/renesas/src/arch/rl78/main.obj" 
 -MT="Project_Source/renesas/src/arch/rl78/main.d"
 -cpu=S2 
 -dev="C:\Renesas\e2_studio\DebugComp\\RL78\RL78\Common\DR5F11AGJ.DVF"
 -I "C:\Program Files (x86)\Renesas\RL78\1_7_0\inc","..\..\..\..\..\..\src\driver\serial","..\..\..\..\..\..\src\driver\wakeup","..\..\..\..\..\..\src\driver\dataflash\cc_rl","..\..\..\..\..\..\src\driver\dataflash","..\..\..\..\..\..\src\driver\codeflash\cc_rl","..\..\..\..\..\..\src\driver\codeflash","..\..\..\..\..\..\src\driver\DTM2Wire","..\..\..\..\..\..\src\driver\push_sw","..\..\..\..\..\..\src\driver\pktmon","..\..\..\..\..\..\src","..\..\..\..\..\..\src\compiler","..\..\..\..\..\..\src\arch\rl78","..\..\..\..\..\..\src\arch\rl78\ll","..\..\..\..\..\..\src\driver\led","..\..\..\..\..\..\src\driver\peak","..\..\..\..\..\..\src\driver\plf","..\..\..\..\..\..\src\driver\port","..\..\..\..\..\..\src\driver\rf","..\..\..\..\..\..\src\driver\uart","..\..\..\..\..\..\..\bleip\src\common","..\..\..\..\..\..\..\bleip\src\rwble","..\..\..\..\..\..\..\rBLE\src\include"
 -D CFG_FULLEMB,USE_VUART_PROFILE,CFG_CON=4,CFG_EXMEM_NOT_PRESENT,CFG_BLECORE_10,CFG_PROFEMB,CFG_SECURITY_ON,CFG_RBLE,CFG_USE_EEL,CFG_FW_NAK,CONFIG_MODEM,_USE_CCRL_RL78,noUSE_SAMPLE_PROFILE,noCFG_USE_PEAK,noUSE_FW_UPDATE_PROFILE,CLK_HOCO_8MHZ,noCFG_PKTMON
 -character_set=sjis
 -lang=c
 -memory_model=medium
 -Osize
 -goptimize
 -signed_char
 -switch=binary
 -cref=DefaultBuild
 -convert_cc=ca78k0r
 -no_warning_num=23082 
ccrl -subcommand="Project_Source\renesas\src\arch\rl78\maincDepSubCommand.tmp" -msg_lang=english "C:/BLE_Renesas/checkout_rBLE_Modem_Source_Code/renesas/src/arch/rl78/main.c"
 -MM
 -MP
 -o "Project_Source/renesas/src/arch/rl78/prf_config.d" 
 -MT="Project_Source/renesas/src/arch/rl78/prf_config.obj" 
 -MT="Project_Source/renesas/src/arch/rl78/prf_config.d"
 -cpu=S2 
 -dev="C:\Renesas\e2_studio\DebugComp\\RL78\RL78\Common\DR5F11AGJ.DVF"
 -I "C:\Program Files (x86)\Renesas\RL78\1_7_0\inc","..\..\..\..\..\..\src\driver\serial","..\..\..\..\..\..\src\driver\wakeup","..\..\..\..\..\..\src\driver\dataflash\cc_rl","..\..\..\..\..\..\src\driver\dataflash","..\..\..\..\..\..\src\driver\codeflash\cc_rl","..\..\..\..\..\..\src\driver\codeflash","..\..\..\..\..\..\src\driver\DTM2Wire","..\..\..\..\..\..\src\driver\push_sw","..\..\..\..\..\..\src\driver\pktmon","..\..\..\..\..\..\src","..\..\..\..\..\..\src\compiler","..\..\..\..\..\..\src\arch\rl78","..\..\..\..\..\..\src\arch\rl78\ll","..\..\..\..\..\..\src\driver\led","..\..\..\..\..\..\src\driver\peak","..\..\..\..\..\..\src\driver\plf","..\..\..\..\..\..\src\driver\port","..\..\..\..\..\..\src\driver\rf","..\..\..\..\..\..\src\driver\uart","..\..\..\..\..\..\..\bleip\src\common","..\..\..\..\..\..\..\bleip\src\rwble","..\..\..\..\..\..\..\rBLE\src\include"
 -D CFG_FULLEMB,USE_VUART_PROFILE,CFG_CON=4,CFG_EXMEM_NOT_PRESENT,CFG_BLECORE_10,CFG_PROFEMB,CFG_SECURITY_ON,CFG_RBLE,CFG_USE_EEL,CFG_FW_NAK,CONFIG_MODEM,_USE_CCRL_RL78,noUSE_SAMPLE_PROFILE,noCFG_USE_PEAK,noUSE_FW_UPDATE_PROFILE,CLK_HOCO_8MHZ,noCFG_PKTMON
 -character_set=sjis
 -lang=c
 -memory_model=medium
 -Osize
 -goptimize
 -signed_char
 -switch=binary
 -cref=DefaultBuild
 -convert_cc=ca78k0r
 -no_warning_num=23082 
ccrl -subcommand="Project_Source\renesas\src\arch\rl78\prf_configcDepSubCommand.tmp" -msg_lang=english "C:/BLE_Renesas/checkout_rBLE_Modem_Source_Code/renesas/src/arch/rl78/prf_config.c"
 -MM
 -MP
 -o "Project_Source/renesas/src/arch/rl78/prf_config_host.d" 
 -MT="Project_Source/renesas/src/arch/rl78/prf_config_host.obj" 
 -MT="Project_Source/renesas/src/arch/rl78/prf_config_host.d"
 -cpu=S2 
 -dev="C:\Renesas\e2_studio\DebugComp\\RL78\RL78\Common\DR5F11AGJ.DVF"
 -I "C:\Program Files (x86)\Renesas\RL78\1_7_0\inc","..\..\..\..\..\..\src\driver\serial","..\..\..\..\..\..\src\driver\wakeup","..\..\..\..\..\..\src\driver\dataflash\cc_rl","..\..\..\..\..\..\src\driver\dataflash","..\..\..\..\..\..\src\driver\codeflash\cc_rl","..\..\..\..\..\..\src\driver\codeflash","..\..\..\..\..\..\src\driver\DTM2Wire","..\..\..\..\..\..\src\driver\push_sw","..\..\..\..\..\..\src\driver\pktmon","..\..\..\..\..\..\src","..\..\..\..\..\..\src\compiler","..\..\..\..\..\..\src\arch\rl78","..\..\..\..\..\..\src\arch\rl78\ll","..\..\..\..\..\..\src\driver\led","..\..\..\..\..\..\src\driver\peak","..\..\..\..\..\..\src\driver\plf","..\..\..\..\..\..\src\driver\port","..\..\..\..\..\..\src\driver\rf","..\..\..\..\..\..\src\driver\uart","..\..\..\..\..\..\..\bleip\src\common","..\..\..\..\..\..\..\bleip\src\rwble","..\..\..\..\..\..\..\rBLE\src\include"
 -D CFG_FULLEMB,USE_VUART_PROFILE,CFG_CON=4,CFG_EXMEM_NOT_PRESENT,CFG_BLECORE_10,CFG_PROFEMB,CFG_SECURITY_ON,CFG_RBLE,CFG_USE_EEL,CFG_FW_NAK,CONFIG_MODEM,_USE_CCRL_RL78,noUSE_SAMPLE_PROFILE,noCFG_USE_PEAK,noUSE_FW_UPDATE_PROFILE,CLK_HOCO_8MHZ,noCFG_PKTMON
 -character_set=sjis
 -lang=c
 -memory_model=medium
 -Osize
 -goptimize
 -signed_char
 -switch=binary
 -cref=DefaultBuild
 -convert_cc=ca78k0r
 -no_warning_num=23082 
Project_Source\renesas\src\arch\rl78\rble_core_configcDepSubCommand.tmp=
ccrl -subcommand="Project_Source\renesas\src\arch\rl78\prf_config_hostcDepSubCommand.tmp" -msg_lang=english "C:/BLE_Renesas/checkout_rBLE_Modem_Source_Code/renesas/src/arch/rl78/prf_config_host.c"
Project_Source\renesas\src\arch\rl78\rble_modem_configcDepSubCommand.tmp=

 -MM
 -MP
 -o "Project_Source/renesas/src/arch/rl78/rble_modem_config.d" 
 -MT="Project_Source/renesas/src/arch/rl78/rble_modem_config.obj" 
 -MT="Project_Source/renesas/src/arch/rl78/rble_modem_config.d"
 -cpu=S2 
 -dev="C:\Renesas\e2_studio\DebugComp\\RL78\RL78\Common\DR5F11AGJ.DVF"
 -I "C:\Program Files (x86)\Renesas\RL78\1_7_0\inc","..\..\..\..\..\..\src\driver\serial","..\..\..\..\..\..\src\driver\wakeup","..\..\..\..\..\..\src\driver\dataflash\cc_rl","..\..\..\..\..\..\src\driver\dataflash","..\..\..\..\..\..\src\driver\codeflash\cc_rl","..\..\..\..\..\..\src\driver\codeflash","..\..\..\..\..\..\src\driver\DTM2Wire","..\..\..\..\..\..\src\driver\push_sw","..\..\..\..\..\..\src\driver\pktmon","..\..\..\..\..\..\src","..\..\..\..\..\..\src\compiler","..\..\..\..\..\..\src\arch\rl78","..\..\..\..\..\..\src\arch\rl78\ll","..\..\..\..\..\..\src\driver\led","..\..\..\..\..\..\src\driver\peak","..\..\..\..\..\..\src\driver\plf","..\..\..\..\..\..\src\driver\port","..\..\..\..\..\..\src\driver\rf","..\..\..\..\..\..\src\driver\uart","..\..\..\..\..\..\..\bleip\src\common","..\..\..\..\..\..\..\bleip\src\rwble","..\..\..\..\..\..\..\rBLE\src\include"
 -D CFG_FULLEMB,USE_VUART_PROFILE,CFG_CON=4,CFG_EXMEM_NOT_PRESENT,CFG_BLECORE_10,CFG_PROFEMB,CFG_SECURITY_ON,CFG_RBLE,CFG_USE_EEL,CFG_FW_NAK,CONFIG_MODEM,_USE_CCRL_RL78,noUSE_SAMPLE_PROFILE,noCFG_USE_PEAK,noUSE_FW_UPDATE_PROFILE,CLK_HOCO_8MHZ,noCFG_PKTMON
 -character_set=sjis
 -lang=c
 -memory_model=medium
 -Osize
 -goptimize
 -signed_char
 -switch=binary
 -cref=DefaultBuild
 -convert_cc=ca78k0r
 -no_warning_num=23082 
 -MM
 -MP
 -o "Project_Source/renesas/src/arch/rl78/rble_core_config.d" 
 -MT="Project_Source/renesas/src/arch/rl78/rble_core_config.obj" 
 -MT="Project_Source/renesas/src/arch/rl78/rble_core_config.d"
 -cpu=S2 
 -dev="C:\Renesas\e2_studio\DebugComp\\RL78\RL78\Common\DR5F11AGJ.DVF"
 -I "C:\Program Files (x86)\Renesas\RL78\1_7_0\inc","..\..\..\..\..\..\src\driver\serial","..\..\..\..\..\..\src\driver\wakeup","..\..\..\..\..\..\src\driver\dataflash\cc_rl","..\..\..\..\..\..\src\driver\dataflash","..\..\..\..\..\..\src\driver\codeflash\cc_rl","..\..\..\..\..\..\src\driver\codeflash","..\..\..\..\..\..\src\driver\DTM2Wire","..\..\..\..\..\..\src\driver\push_sw","..\..\..\..\..\..\src\driver\pktmon","..\..\..\..\..\..\src","..\..\..\..\..\..\src\compiler","..\..\..\..\..\..\src\arch\rl78","..\..\..\..\..\..\src\arch\rl78\ll","..\..\..\..\..\..\src\driver\led","..\..\..\..\..\..\src\driver\peak","..\..\..\..\..\..\src\driver\plf","..\..\..\..\..\..\src\driver\port","..\..\..\..\..\..\src\driver\rf","..\..\..ccrl -subcommand="Project_Source\renesas\src\arch\rl78\rble_modem_configcDepSubCommand.tmp" -msg_lang=english "C:/BLE_Renesas/checkout_rBLE_Modem_Source_Code/renesas/src/arch/rl78/rble_modem_config.c"
'Finished Scanning and building: C:/BLE_Renesas/checkout_rBLE_Modem_Source_Code/rBLE/src/sample_profile/fwup/fwupr.c'
\..\..\..\src\driver\uart","..\..\..\..\..\..\..\bleip\src\common","..\..\..\..\..\..\..\bleip\src\rwble","..\..\..\..\..\..\..\rBLE\src\include"
 -D CFG_FULLEMB,USE_VUART_PROFILE,CFG_CON=4,CFG_EXMEM_NOT_PRESENT,CFG_BLECORE_10,CFG_PROFEMB,CFG_SECURITY_ON,CFG_RBLE,CFG_USE_EEL,CFG_FW_NAK,CONFIG_MODEM,_USE_CCRL_RL78,noUSE_SAMPLE_PROFILE,noCFG_USE_PEAK,noUSE_FW_UPDATE_PROFILE,CLK_HOCO_8MHZ,noCFG_PKTMON
 -character_set=sjis
 -lang=c
 -memory_model=medium
 -Osize
 -goptimize
 -signed_char
 -switch=binary
 -cref=DefaultBuild
 -convert_cc=ca78k0r
 -no_warning_num=23082 
ccrl -subcommand="Project_Source\renesas\src\arch\rl78\rble_core_configcDepSubCommand.tmp" -msg_lang=english "C:/BLE_Renesas/checkout_rBLE_Modem_Source_Code/renesas/src/arch/rl78/rble_core_config.c"
'Scanning and building file: C:/BLE_Renesas/checkout_rBLE_Modem_Source_Code/renesas/src/arch/rl78/rwble_mem.c'

'Invoking: Scanner and Compiler'
'Scanning and building file: C:/BLE_Renesas/checkout_rBLE_Modem_Source_Code/renesas/src/driver/peak/peak_isr.c'
Project_Source\renesas\src\arch\rl78\rwble_memcDepSubCommand.tmp=
Project_Source\renesas\src\arch\rl78\maincSubCommand.tmp=
Project_Source\renesas\src\arch\rl78\prf_config_hostcSubCommand.tmp=
'Invoking: Scanner and Compiler'
 -MM
 -MP
 -o "Project_Source/renesas/src/arch/rl78/rwble_mem.d" 
 -MT="Project_Source/renesas/src/arch/rl78/rwble_mem.obj" 
 -MT="Project_Source/renesas/src/arch/rl78/rwble_mem.d"
 -cpu=S2 
 -dev="C:\Renesas\e2_studio\DebugComp\\RL78\RL78\Common\DR5F11AGJ.DVF"
 -I "C:\Program Files (x86)\Renesas\RL78\1_7_0\inc","..\..\..\..\..\..\src\driver\serial","..\..\..\..\..\..\src\driver\wakeup","..\..\..\..\..\..\src\driver\dataflash\cc_rl","..\..\..\..\..\..\src\driver\dataflash","..\..\..\..\..\..\src\driver\codeflash\cc_rl","..\..\..\..\..\..\src\driver\codeflash","..\..\..\..\..\..\src\driver\DTM2Wire","..\..\..\..\..\..\src\driver\push_sw","..\..\..\..\..\..\src\driver\pktmon","..\..\..\..\..\..\src","..\..\..\..\..\..\src\compiler","..\..\..\..\..\..\src\arch\rl78","..\..\..\..\..\..\src\arch\rl78\ll","..\..\..\..\..\..\src\driver\led","..\..\..\..\..\..\src\driver\peak","..\..\..\..\..\..\src\driver\plf","..\..\..\..\..\..\src\driver\port","..\..\..\..\..\..\src\driver\rf","..\..\..\..\..\..\src\driver\uart","..\..\..\..\..\..\..\bleip\src\common","..\..\..\..\..\..\..\bleip\src\rwble","..\..\..\..\..\..\..\rBLE\src\include"
 -D CFG_FULLEMB,USE_VUART_PROFILE,CFG_CON=4,CFG_EXMEM_NOT_PRESENT,CFG_BLECORE_10,CFG_PROFEMB,CFG_SECURITY_ON,CFG_RBLE,CFG_USE_EEL,CFG_FW_NAK,CONFIG_MODEM,_USE_CCRL_RL78,noUSE_SAMPLE_PROFILE,noCFG_USE_PEAK,noUSE_FW_UPDATE_PROFILE,CLK_HOCO_8MHZ,noCFG_PKTMON
 -character_set=sjis
 -lang=c
 -memory_model=medium
 -Osize
 -goptimize
 -signed_char
 -switch=binary
 -cref=DefaultBuild
 -convert_cc=ca78k0r
 -no_warning_num=23082 
 -cpu=S2
 -c
 -dev="C:\Renesas\e2_studio\DebugComp\\RL78\RL78\Common\DR5F11AGJ.DVF"
 -I "C:\Program Files (x86)\Renesas\RL78\1_7_0\inc","..\..\..\..\..\..\src\driver\serial","..\..\..\..\..\..\src\driver\wakeup","..\..\..\..\..\..\src\driver\dataflash\cc_rl","..\..\..\..\..\..\src\driver\dataflash","..\..\..\..\..\..\src\driver\codeflash\cc_rl","..\..\..\..\..\..\src\driver\codeflash","..\..\..\..\..\..\src\driver\DTM2Wire","..\..\..\..\..\..\src\driver\push_sw","..\..\..\..\..\..\src\driver\pktmon","..\..\..\..\..\..\src","..\..\..\..\..\..\src\compiler","..\..\..\..\..\..\src\arch\rl78","..\..\..\..\..\..\src\arch\rl78\ll","..\..\..\..\..\..\src\driver\led","..\..\..\..\..\..\src\driver\peak","..\..\..\..\..\..\src\driver\plf","..\..\..\..\..\..\src\driver\port","..\..\..\..\..\..\src\driver\rf","..\..\..\..\..\..\src\driver\uart","..\..\..\..\..\..\..\bleip\src\common","..\..\..\..\..\..\..\bleip\src\rwble","..\..\..\..\..\..\..\rBLE\src\include"
 -D CFG_FULLEMB,USE_VUART_PROFILE,CFG_CON=4,CFG_EXMEM_NOT_PRESENT,CFG_BLECORE_10,CFG_PROFEMB,CFG_SECURITY_ON,CFG_RBLE,CFG_USE_EEL,CFG_FW_NAK,CONFIG_MODEM,_USE_CCRL_RL78,noUSE_SAMPLE_PROFILE,noCFG_USE_PEAK,noUSE_FW_UPDATE_PROFILE,CLK_HOCO_8MHZ,noCFG_PKTMON
 -character_set=sjis
 -lang=c
 -g
 -o "Project_Source/renesas/src/arch/rl78/main.obj"
 -memory_model=medium
 -Osize
 -goptimize
 -signed_char
 -switch=binary
 -cref=DefaultBuild
 -convert_cc=ca78k0r
 -no_warning_num=23082 
Project_Source\renesas\src\arch\rl78\rble_core_configcSubCommand.tmp=
ccrl -subcommand="Project_Source\renesas\src\arch\rl78\rwble_memcDepSubCommand.tmp" -msg_lang=english "C:/BLE_Renesas/checkout_rBLE_Modem_Source_Code/renesas/src/arch/rl78/rwble_mem.c"
ccrl -subcommand="Project_Source\renesas\src\arch\rl78\maincSubCommand.tmp" -msg_lang=english "C:/BLE_Renesas/checkout_rBLE_Modem_Source_Code/renesas/src/arch/rl78/main.c"
Project_Source\renesas\src\arch\rl78\rble_modem_configcSubCommand.tmp=
Project_Source\renesas\src\arch\rl78\prf_configcSubCommand.tmp=
 -cpu=S2
 -c
 -dev="C:\Renesas\e2_studio\DebugComp\\RL78\RL78\Common\DR5F11AGJ.DVF"
 -I "C:\Program Files (x86)\Renesas\RL78\1_7_0\inc","..\..\..\..\..\..\src\driver\serial","..\..\..\..\..\..\src\driver\wakeup","..\..\..\..\..\..\src\driver\dataflash\cc_rl","..\..\..\..\..\..\src\driver\dataflash","..\..\..\..\..\..\src\driver\codeflash\cc_rl","..\..\..\..\..\..\src\driver\codeflash","..\..\..\..\..\..\src\driver\DTM2Wire","..\..\..\..\..\..\src\driver\push_sw","..\..\..\..\..\..\src\driver\pktmon","..\..\..\..\..\..\src","..\..\..\..\..\..\src\compiler","..\..\..\..\..\..\src\arch\rl78","..\..\..\..\..\..\src\arch\rl78\ll","..\..\..\..\..\..\src\driver\led","..\..\..\..\..\..\src\driver\peak","..\..\..\..\..\..\src\driver\plf","..\..\..\..\..\..\src\driver\port","..\..\..\..\..\..\src\driver\rf","..\..\..\..\..\..\src\driver\uart","..\..\..\..\..\..\..\bleip\src\common","..\..\..\..\..\..\..\bleip\src\rwble","..\..\..\..\..\..\..\rBLE\src\include"
 -D CFG_FULLEMB,USE_VUART_PROFILE,CFG_CON=4,CFG_EXMEM_NOT_PRESENT,CFG_BLECORE_10,CFG_PROFEMB,CFG_SECURITY_ON,CFG_RBLE,CFG_USE_EEL,CFG_FW_NAK,CONFIG_MODEM,_USE_CCRL_RL78,noUSE_SAMPLE_PROFILE,noCFG_USE_PEAK,noUSE_FW_UPDATE_PROFILE,CLK_HOCO_8MHZ,noCFG_PKTMON
 -character_set=sjis
 -lang=c
 -g
 -o "Project_Source/renesas/src/arch/rl78/prf_config_host.obj"
 -memory_model=medium
 -Osize
 -goptimize
 -signed_char
 -switch=binary
 -cref=DefaultBuild
 -convert_cc=ca78k0r
 -no_warning_num=23082 
Project_Source\renesas\src\driver\peak\peak_isrcDepSubCommand.tmp=
ccrl -subcommand="Project_Source\renesas\src\arch\rl78\prf_config_hostcSubCommand.tmp" -msg_lang=english "C:/BLE_Renesas/checkout_rBLE_Modem_Source_Code/renesas/src/arch/rl78/prf_config_host.c"
 -cpu=S2
 -c
 -dev="C:\Renesas\e2_studio\DebugComp\\RL78\RL78\Common\DR5F11AGJ.DVF"
 -I "C:\Program Files (x86)\Renesas\RL78\1_7_0\inc","..\..\..\..\..\..\src\driver\serial","..\..\..\..\..\..\src\driver\wakeup","..\..\..\..\..\..\src\driver\dataflash\cc_rl","..\..\..\..\..\..\src\driver\dataflash","..\..\..\..\..\..\src\driver\codeflash\cc_rl","..\..\..\..\..\..\src\driver\codeflash","..\..\..\..\..\..\src\driver\DTM2Wire","..\..\..\..\..\..\src\driver\push_sw","..\..\..\..\..\..\src\driver\pktmon","..\..\..\..\..\..\src","..\..\..\..\..\..\src\compiler","..\..\..\..\..\..\src\arch\rl78","..\..\..\..\..\..\src\arch\rl78\ll","..\..\..\..\..\..\src\driver\led","..\..\..\..\..\..\src\driver\peak","..\..\..\..\..\..\src\driver\plf","..\..\..\..\..\..\src\driver\port","..\..\..\..\..\..\src\driver\rf","..\..\..\..\..\..\src\driver\uart","..\..\..\..\..\..\..\bleip\src\common","..\..\..\..\..\..\..\bleip\src\rwble","..\..\..\..\..\..\..\rBLE\src\include"
 -D CFG_FULLEMB,USE_VUART_PROFILE,CFG_CON=4,CFG_EXMEM_NOT_PRESENT,CFG_BLECORE_10,CFG_PROFEMB,CFG_SECURITY_ON,CFG_RBLE,CFG_USE_EEL,CFG_FW_NAK,CONFIG_MODEM,_USE_CCRL_RL78,noUSE_SAMPLE_PROFILE,noCFG_USE_PEAK,noUSE_FW_UPDATE_PROFILE,CLK_HOCO_8MHZ,noCFG_PKTMON
 -character_set=sjis
 -lang=c
 -g
 -o "Project_Source/renesas/src/arch/rl78/rble_core_config.obj"
 -memory_model=medium
 -Osize
 -goptimize
 -signed_char
 -switch=binary
 -cref=DefaultBuild
 -convert_cc=ca78k0r
 -no_warning_num=23082 
ccrl -subcommand="Project_Source\renesas\src\arch\rl78\rble_core_configcSubCommand.tmp" -msg_lang=english "C:/BLE_Renesas/checkout_rBLE_Modem_Source_Code/renesas/src/arch/rl78/rble_core_config.c"
 -cpu=S2
 -c
 -dev="C:\Renesas\e2_studio\DebugComp\\RL78\RL78\Common\DR5F11AGJ.DVF"
 -I "C:\Program Files (x86)\Renesas\RL78\1_7_0\inc","..\..\..\..\..\..\src\driver\serial","..\..\..\..\..\..\src\driver\wakeup","..\..\..\..\..\..\src\driver\dataflash\cc_rl","..\..\..\..\..\..\src\driver\dataflash","..\..\..\..\..\..\src\driver\codeflash\cc_rl","..\..\..\..\..\..\src\driver\codeflash","..\..\..\..\..\..\src\driver\DTM2Wire","..\..\..\..\..\..\src\driver\push_sw","..\..\..\..\..\..\src\driver\pktmon","..\..\..\..\..\..\src","..\..\..\..\..\..\src\compiler","..\..\..\..\..\..\src\arch\rl78","..\..\..\..\..\..\src\arch\rl78\ll","..\..\..\..\..\..\src\driver\led","..\..\..\..\..\..\src\driver\peak","..\..\..\..\..\..\src\driver\plf","..\..\..\..\..\..\src\driver\port","..\..\..\..\..\..\src\driver\rf","..\..\..\..\..\..\src\driver\uart","..\..\..\..\..\..\..\bleip\src\common","..\..\..\..\..\..\..\bleip\src\rwble","..\..\..\..\..\..\..\rBLE\src\include"
 -D CFG_FULLEMB,USE_VUART_PROFILE,CFG_CON=4,CFG_EXMEM_NOT_PRESENT,CFG_BLECORE_10,CFG_PROFEMB,CFG_SECURITY_ON,CFG_RBLE,CFG_USE_EEL,CFG_FW_NAK,CONFIG_MODEM,_USE_CCRL_RL78,noUSE_SAMPLE_PROFILE,noCFG_USE_PEAK,noUSE_FW_UPDATE_PROFILE,CLK_HOCO_8MHZ,noCFG_PKTMON
 -character_set=sjis
 -lang=c
 -g
 -o "Project_Source/renesas/src/arch/rl78/rble_modem_config.obj"
 -memory_model=medium
 -Osize
 -goptimize
 -signed_char
 -switch=binary
 -cref=DefaultBuild
 -convert_cc=ca78k0r
 -no_warning_num=23082 
ccrl -subcommand="Project_Source\renesas\src\arch\rl78\rble_modem_configcSubCommand.tmp" -msg_lang=english "C:/BLE_Renesas/checkout_rBLE_Modem_Source_Code/renesas/src/arch/rl78/rble_modem_config.c"
 -MM
 -MP
 -o "Project_Source/renesas/src/driver/peak/peak_isr.d" 
 -MT="Project_Source/renesas/src/driver/peak/peak_isr.obj" 
 -MT="Project_Source/renesas/src/driver/peak/peak_isr.d"
 -cpu=S2 
 -dev="C:\Renesas\e2_studio\DebugComp\\RL78\RL78\Common\DR5F11AGJ.DVF"
 -I "C:\Program Files (x86)\Renesas\RL78\1_7_0\inc","..\..\..\..\..\..\src\driver\serial","..\..\..\..\..\..\src\driver\wakeup","..\..\..\..\..\..\src\driver\dataflash\cc_rl","..\..\..\..\..\..\src\driver\dataflash","..\..\..\..\..\..\src\driver\codeflash\cc_rl","..\..\..\..\..\..\src\driver\codeflash","..\..\..\..\..\..\src\driver\DTM2Wire","..\..\..\..\..\..\src\driver\push_sw","..\..\..\..\..\..\src\driver\pktmon","..\..\..\..\..\..\src","..\..\..\..\..\..\src\compiler","..\..\..\..\..\..\src\arch\rl78","..\..\..\..\..\..\src\arch\rl78\ll","..\..\..\..\..\..\src\driver\led","..\..\..\..\..\..\src\driver\peak","..\..\..\..\..\..\src\driver\plf","..\..\..\..\..\..\src\driver\port","..\..\..\..\..\..\src\driver\rf","..\..\..\..\..\..\src\driver\uart","..\..\..\..\..\..\..\bleip\src\common","..\..\..\..\..\..\..\bleip\src\rwble","..\..\..\..\..\..\..\rBLE\src\include"
 -D CFG_FULLEMB,USE_VUART_PROFILE,CFG_CON=4,CFG_EXMEM_NOT_PRESENT,CFG_BLECORE_10,CFG_PROFEMB,CFG_SECURITY_ON,CFG_RBLE,CFG_USE_EEL,CFG_FW_NAK,CONFIG_MODEM,_USE_CCRL_RL78,noUSE_SAMPLE_PROFILE,noCFG_USE_PEAK,noUSE_FW_UPDATE_PROFILE,CLK_HOCO_8MHZ,noCFG_PKTMON
 -character_set=sjis
 -lang=c
 -memory_model=medium
 -Osize
 -goptimize
 -signed_char
 -switch=binary
 -cref=DefaultBuild
 -convert_cc=ca78k0r
 -no_warning_num=23082 
ccrl -subcommand="Project_Source\renesas\src\driver\peak\peak_isrcDepSubCommand.tmp" -msg_lang=english "C:/BLE_Renesas/checkout_rBLE_Modem_Source_Code/renesas/src/driver/peak/peak_isr.c"
 -cpu=S2
 -c
 -dev="C:\Renesas\e2_studio\DebugComp\\RL78\RL78\Common\DR5F11AGJ.DVF"
 -I "C:\Program Files (x86)\Renesas\RL78\1_7_0\inc","..\..\..\..\..\..\src\driver\serial","..\..\..\..\..\..\src\driver\wakeup","..\..\..\..\..\..\src\driver\dataflash\cc_rl","..\..\..\..\..\..\src\driver\dataflash","..\..\..\..\..\..\src\driver\codeflash\cc_rl","..\..\..\..\..\..\src\driver\codeflash","..\..\..\..\..\..\src\driver\DTM2Wire","..\..\..\..\..\..\src\driver\push_sw","..\..\..\..\..\..\src\driver\pktmon","..\..\..\..\..\..\src","..\..\..\..\..\..\src\compiler","..\..\..\..\..\..\src\arch\rl78","..\..\..\..\..\..\src\arch\rl78\ll","..\..\..\..\..\..\src\driver\led","..\..\..\..\..\..\src\driver\peak","..\..\..\..\..\..\src\driver\plf","..\..\..\..\..\..\src\driver\port","..\..\..\..\..\..\src\driver\rf","..\..\..\..\..\..\src\driver\uart","..\..\..\..\..\..\..\bleip\src\common","..\..\..\..\..\..\..\bleip\src\rwble","..\..\..\..\..\..\..\rBLE\src\include"
 -D CFG_FULLEMB,USE_VUART_PROFILE,CFG_CON=4,CFG_EXMEM_NOT_PRESENT,CFG_BLECORE_10,CFG_PROFEMB,CFG_SECURITY_ON,CFG_RBLE,CFG_USE_EEL,CFG_FW_NAK,CONFIG_MODEM,_USE_CCRL_RL78,noUSE_SAMPLE_PROFILE,noCFG_USE_PEAK,noUSE_FW_UPDATE_PROFILE,CLK_HOCO_8MHZ,noCFG_PKTMON
 -character_set=sjis
 -lang=c
 -g
 -o "Project_Source/renesas/src/arch/rl78/prf_config.obj"
 -memory_model=medium
 -Osize
 -goptimize
 -signed_char
 -switch=binary
 -cref=DefaultBuild
 -convert_cc=ca78k0r
 -no_warning_num=23082 
ccrl -subcommand="Project_Source\renesas\src\arch\rl78\prf_configcSubCommand.tmp" -msg_lang=english "C:/BLE_Renesas/checkout_rBLE_Modem_Source_Code/renesas/src/arch/rl78/prf_config.c"
'Finished Scanning and building: C:/BLE_Renesas/checkout_rBLE_Modem_Source_Code/renesas/src/arch/rl78/arch_main.c'

Project_Source\renesas\src\arch\rl78\rwble_memcSubCommand.tmp=
'Scanning and building file: C:/BLE_Renesas/checkout_rBLE_Modem_Source_Code/renesas/src/compiler/ccrl/cstart.asm'
Project_Source\renesas\src\driver\peak\peak_isrcSubCommand.tmp=
 -cpu=S2
 -c
 -dev="C:\Renesas\e2_studio\DebugComp\\RL78\RL78\Common\DR5F11AGJ.DVF"
 -I "C:\Program Files (x86)\Renesas\RL78\1_7_0\inc","..\..\..\..\..\..\src\driver\serial","..\..\..\..\..\..\src\driver\wakeup","..\..\..\..\..\..\src\driver\dataflash\cc_rl","..\..\..\..\..\..\src\driver\dataflash","..\..\..\..\..\..\src\driver\codeflash\cc_rl","..\..\..\..\..\..\src\driver\codeflash","..\..\..\..\..\..\src\driver\DTM2Wire","..\..\..\..\..\..\src\driver\push_sw","..\..\..\..\..\..\src\driver\pktmon","..\..\..\..\..\..\src","..\..\..\..\..\..\src\compiler","..\..\..\..\..\..\src\arch\rl78","..\..\..\..\..\..\src\arch\rl78\ll","..\..\..\..\..\..\src\driver\led","..\..\..\..\..\..\src\driver\peak","..\..\..\..\..\..\src\driver\plf","..\..\..\..\..\..\src\driver\port","..\..\..\..\..\..\src\driver\rf","..\..\..\..\..\..\src\driver\uart","..\..\..\..\..\..\..\bleip\src\common","..\..\..\..\..\..\..\bleip\src\rwble","..\..\..\..\..\..\..\rBLE\src\include"
 -D CFG_FULLEMB,USE_VUART_PROFILE,CFG_CON=4,CFG_EXMEM_NOT_PRESENT,CFG_BLECORE_10,CFG_PROFEMB,CFG_SECURITY_ON,CFG_RBLE,CFG_USE_EEL,CFG_FW_NAK,CONFIG_MODEM,_USE_CCRL_RL78,noUSE_SAMPLE_PROFILE,noCFG_USE_PEAK,noUSE_FW_UPDATE_PROFILE,CLK_HOCO_8MHZ,noCFG_PKTMON
 -character_set=sjis
 -lang=c
 -g
 -o "Project_Source/renesas/src/arch/rl78/rwble_mem.obj"
 -memory_model=medium
 -Osize
 -goptimize
 -signed_char
 -switch=binary
 -cref=DefaultBuild
 -convert_cc=ca78k0r
 -no_warning_num=23082 
ccrl -subcommand="Project_Source\renesas\src\arch\rl78\rwble_memcSubCommand.tmp" -msg_lang=english "C:/BLE_Renesas/checkout_rBLE_Modem_Source_Code/renesas/src/arch/rl78/rwble_mem.c"
'Invoking: Scanner and Assembler'
 -cpu=S2
 -c
 -dev="C:\Renesas\e2_studio\DebugComp\\RL78\RL78\Common\DR5F11AGJ.DVF"
 -I "C:\Program Files (x86)\Renesas\RL78\1_7_0\inc","..\..\..\..\..\..\src\driver\serial","..\..\..\..\..\..\src\driver\wakeup","..\..\..\..\..\..\src\driver\dataflash\cc_rl","..\..\..\..\..\..\src\driver\dataflash","..\..\..\..\..\..\src\driver\codeflash\cc_rl","..\..\..\..\..\..\src\driver\codeflash","..\..\..\..\..\..\src\driver\DTM2Wire","..\..\..\..\..\..\src\driver\push_sw","..\..\..\..\..\..\src\driver\pktmon","..\..\..\..\..\..\src","..\..\..\..\..\..\src\compiler","..\..\..\..\..\..\src\arch\rl78","..\..\..\..\..\..\src\arch\rl78\ll","..\..\..\..\..\..\src\driver\led","..\..\..\..\..\..\src\driver\peak","..\..\..\..\..\..\src\driver\plf","..\..\..\..\..\..\src\driver\port","..\..\..\..\..\..\src\driver\rf","..\..\..\..\..\..\src\driver\uart","..\..\..\..\..\..\..\bleip\src\common","..\..\..\..\..\..\..\bleip\src\rwble","..\..\..\..\..\..\..\rBLE\src\include"
 -D CFG_FULLEMB,USE_VUART_PROFILE,CFG_CON=4,CFG_EXMEM_NOT_PRESENT,CFG_BLECORE_10,CFG_PROFEMB,CFG_SECURITY_ON,CFG_RBLE,CFG_USE_EEL,CFG_FW_NAK,CONFIG_MODEM,_USE_CCRL_RL78,noUSE_SAMPLE_PROFILE,noCFG_USE_PEAK,noUSE_FW_UPDATE_PROFILE,CLK_HOCO_8MHZ,noCFG_PKTMON
 -character_set=sjis
 -lang=c
 -g
 -o "Project_Source/renesas/src/driver/peak/peak_isr.obj"
 -memory_model=medium
 -Osize
 -goptimize
 -signed_char
 -switch=binary
 -cref=DefaultBuild
 -convert_cc=ca78k0r
 -no_warning_num=23082 
ccrl -subcommand="Project_Source\renesas\src\driver\peak\peak_isrcSubCommand.tmp" -msg_lang=english "C:/BLE_Renesas/checkout_rBLE_Modem_Source_Code/renesas/src/driver/peak/peak_isr.c"
Project_Source\renesas\src\compiler\ccrl\cstartasmDepSubCommand.tmp=
 -asmopt=-MM
 -asmopt=-MP
 -asmopt=-MF="Project_Source/renesas/src/compiler/ccrl/cstart.d"
 -asmopt=-MT="Project_Source/renesas/src/compiler/ccrl/cstart.obj"
 -asmopt=-MT="Project_Source/renesas/src/compiler/ccrl/cstart.d"
 -cpu=S2
 -c
 -dev="C:\Renesas\e2_studio\DebugComp\\RL78\RL78\Common\DR5F11AGJ.DVF"
 -character_set=sjis
 -goptimize
 -asmopt=-convert_asm 
ccrl -subcommand="Project_Source\renesas\src\compiler\ccrl\cstartasmDepSubCommand.tmp" -msg_lang=english "C:/BLE_Renesas/checkout_rBLE_Modem_Source_Code/renesas/src/compiler/ccrl/cstart.asm"
'Finished Scanning and building: C:/BLE_Renesas/checkout_rBLE_Modem_Source_Code/renesas/src/arch/rl78/rble_modem_config.c'
'Finished Scanning and building: C:/BLE_Renesas/checkout_rBLE_Modem_Source_Code/renesas/src/arch/rl78/prf_config_host.c'
'Finished Scanning and building: C:/BLE_Renesas/checkout_rBLE_Modem_Source_Code/renesas/src/arch/rl78/rble_core_config.c'
'Finished Scanning and building: C:/BLE_Renesas/checkout_rBLE_Modem_Source_Code/renesas/src/arch/rl78/prf_config.c'



'Finished Scanning and building: C:/BLE_Renesas/checkout_rBLE_Modem_Source_Code/renesas/src/arch/rl78/main.c'

Project_Source\renesas\src\compiler\ccrl\cstartasmSubCommand.tmp=

'Finished Scanning and building: C:/BLE_Renesas/checkout_rBLE_Modem_Source_Code/renesas/src/arch/rl78/rwble_mem.c'
 -cpu=S2
 -c
 -dev="C:\Renesas\e2_studio\DebugComp\\RL78\RL78\Common\DR5F11AGJ.DVF"
 -character_set=sjis
 -g
 -o "Project_Source/renesas/src/compiler/ccrl/cstart.obj"
 -goptimize
 -asmopt=-convert_asm 
ccrl -subcommand="Project_Source\renesas\src\compiler\ccrl\cstartasmSubCommand.tmp" -msg_lang=english "C:/BLE_Renesas/checkout_rBLE_Modem_Source_Code/renesas/src/compiler/ccrl/cstart.asm"

'Finished Scanning and building: C:/BLE_Renesas/checkout_rBLE_Modem_Source_Code/renesas/src/driver/peak/peak_isr.c'

'Finished Scanning and building: C:/BLE_Renesas/checkout_rBLE_Modem_Source_Code/renesas/src/compiler/ccrl/cstart.asm'

'Invoking: Linker'
LinkerrBLE_Mdm_CCRL.tmp=
    -device="C:\Renesas\e2_studio\DebugComp\\RL78\RL78\Common\DR5F11AGJ.DVF"
    -list="rBLE_Mdm_CCRL.map"
    -show=all
    -optimize=branch
    -entry=_start
    -auto_section_layout
    -security_id=00000000000000000000
    -debug_monitor=fe00-ffff
    -user_opt_byte=efffaa
    -ocdbg=85
    -self
    -input=".\Project_Source/renesas/src/compiler/ccrl\cstart.obj"
    -input=".\Project_Source/rBLE/src/sample_app\rble_fw_up_receiver_app.obj"
    -input=".\Project_Source/rBLE/src/sample_profile/fwup\fwupr.obj"
    -input=".\Project_Source/renesas/src/arch/rl78\arch_main.obj"
    -input=".\Project_Source/renesas/src/arch/rl78\fw_update_count0.obj"
    -input=".\Project_Source/renesas/src/arch/rl78\fw_update_count1.obj"
    -input=".\Project_Source/renesas/src/arch/rl78\ke_conf.obj"
    -input=".\Project_Source/renesas/src/arch/rl78\main.obj"
    -input=".\Project_Source/renesas/src/arch/rl78\prf_config.obj"
    -input=".\Project_Source/renesas/src/arch/rl78\prf_config_host.obj"
    -input=".\Project_Source/renesas/src/arch/rl78\rble_core_config.obj"
    -input=".\Project_Source/renesas/src/arch/rl78\rble_modem_config.obj"
    -input=".\Project_Source/renesas/src/arch/rl78\rwble_mem.obj"
    -input=".\Project_Source/renesas/src/driver/DTM2Wire\DTM2Wire.obj"
    -input=".\Project_Source/renesas/src/driver/codeflash\codeflash.obj"
    -input=".\Project_Source/renesas/src/driver/dataflash\dataflash.obj"
    -input=".\Project_Source/renesas/src/driver/dataflash\eel_descriptor_t02.obj"
    -input=".\Project_Source/renesas/src/driver/dataflash\fdl_descriptor_t02.obj"
    -input=".\Project_Source/renesas/src/driver/led\led.obj"
    -input=".\Project_Source/renesas/src/driver/peak\peak_isr.obj"
    -input=".\Project_Source/renesas/src/driver/plf\plf.obj"
    -input=".\Project_Source/renesas/src/driver/push_sw\push_sw.obj"
    -input=".\Project_Source/renesas/src/driver/uart\uart.obj"
    -input=".\Project_Source/renesas/src/driver/wakeup\wakeup.obj"
    -library="..\..\..\..\..\..\lib\BLE_HOST_lib_CCRL.lib"
    -library="..\..\..\..\..\..\lib\BLE_CONTROLLER_LIB_CCRL.lib"
    -library="..\..\..\..\..\..\lib\BLE_rBLE_lib_CCRL.lib"
    -library="..\..\..\..\..\..\lib\BLE_PROFILE_BLP_LIB_CCRL.lib"
    -library="..\..\..\..\..\..\lib\BLE_PROFILE_FMP_LIB_CCRL.lib"
    -library="..\..\..\..\..\..\lib\BLE_PROFILE_HGP_LIB_CCRL.lib"
    -library="..\..\..\..\..\..\lib\BLE_PROFILE_HTP_LIB_CCRL.lib"
    -library="..\..\..\..\..\..\lib\BLE_PROFILE_PXP_LIB_CCRL.lib"
    -library="..\..\..\..\..\..\lib\BLE_PROFILE_SCP_LIB_CCRL.lib"
    -library="..\..\..\..\..\..\lib\BLE_PROFILE_HRP_LIB_CCRL.lib"
    -library="..\..\..\..\..\..\lib\BLE_PROFILE_CSP_LIB_CCRL.lib"
    -library="..\..\..\..\..\..\lib\BLE_PROFILE_GLP_LIB_CCRL.lib"
    -library="..\..\..\..\..\..\lib\BLE_PROFILE_CPP_LIB_CCRL.lib"
    -library="..\..\..\..\..\..\lib\BLE_PROFILE_TIP_LIB_CCRL.lib"
    -library="..\..\..\..\..\..\lib\BLE_PROFILE_ANP_LIB_CCRL.lib"
    -library="..\..\..\..\..\..\lib\BLE_PROFILE_LNP_LIB_CCRL.lib"
    -library="..\..\..\..\..\..\lib\BLE_PROFILE_PAP_LIB_CCRL.lib"
    -library="..\..\..\..\..\..\lib\BLE_PROFILE_RSP_LIB_CCRL.lib"
    -library="..\..\..\..\..\..\lib\BLE_PROFILES_COMMON_LIB_CCRL.lib"
    -library="..\..\..\..\..\..\src\driver\dataflash\cc_rl\fdl.lib"
    -library="..\..\..\..\..\..\src\driver\dataflash\cc_rl\eel.lib"
    -library="..\..\..\..\..\..\src\driver\codeflash\cc_rl\fsl.lib"
    -library="C:\Program Files (x86)\Renesas\RL78\1_7_0\lib\rl78cm4s.lib"
    -library="C:\Program Files (x86)\Renesas\RL78\1_7_0\lib\rl78cm4r.lib"
    -library="C:\Program Files (x86)\Renesas\RL78\1_7_0\lib\malloc_n.lib"
    -output="rBLE_Mdm_CCRL.abs"
    -debug
    -nocompress
    -rom=.data=.dataR,.sdata=.sdataR
    -stack
    -nomessage
    -NOMessage
    -Total_size
    -NOLOgo
rlink -subcommand="LinkerrBLE_Mdm_CCRL.tmp"


RAMDATA SECTION:  000030df Byte(s)
ROMDATA SECTION:  00001bf2 Byte(s)
PROGRAM SECTION:  0001d628 Byte(s)

Renesas Optimizing Linker Completed
'Finished building:'

C:\Renesas\e2_studio\Utilities\\ccrl\renesas_cc_converter.exe rBLE_Mdm_CCRL.abs rBLE_Mdm_CCRL.x
'Invoking: Converter'
Loading input file rBLE_Mdm_CCRL.abs
Parsing the ELF input file.....
54 segments required LMA fixes
Converting the DWARF information....
Constructing the output ELF image....
Saving the ELF output file rBLE_Mdm_CCRL.x
'Building target:'
ConverterrBLE_Mdm_CCRL.tmp=
    -form=hexadecimal
    -output="rBLE_Mdm_CCRL.hex"
    -record=h20
    -byte_count=10
    -nomessage
    -logo
    -NOMessage
rlink   "rBLE_Mdm_CCRL.abs" -subcommand="ConverterrBLE_Mdm_CCRL.tmp"

Renesas Optimizing Linker V3.00.00  [24 May 2018]
   Copyright (C) 2011, 2018 Renesas Electronics Corporation

Renesas Optimizing Linker Completed
'Finished building target:'

'Build complete.'

09:25:42 Build Finished. 0 errors, 0 warnings. (took 9s.471ms)

